---------------------------------------------------------------
[ 2021-01-01T22:25:47+08:00 ] 115.27.209.67 GET 101.37.13.45/index.php/admin/login/index.html
[运行时间：0.028224s] [吞吐率：35.43req/s] [内存消耗：1,734.13kb] [文件加载：42]
[ info ] [ LANG ] /www/wwwroot/101.37.13.45/thinkphp/lang/zh-cn.php
[ info ] [ ROUTE ] array (
  'type' => 'module',
  'module' => 
  array (
    0 => 'admin',
    1 => 'login',
    2 => 'index',
  ),
)
[ info ] [ HEADER ] array (
  'connection' => 'keep-alive',
  'accept-encoding' => 'gzip, deflate',
  'accept-language' => 'zh-cn',
  'user-agent' => 'Mozilla/5.0 (Macintosh; Intel Mac OS X 10_15_7) AppleWebKit/605.1.15 (KHTML, like Gecko) Version/14.0 Safari/605.1.15',
  'cookie' => 'SESSIONID=fa9fb39b-535a-41da-9a93-a0ceda57b437.W7VVqd2pJXjv54XRbjtd0GfxLB8; ltd_end=-1; memSize=1839; order=id%20desc; pro_end=-1; serverType=apache; sites_path=/www/wwwroot; Path=/www/wwwroot/101.37.13.45/application; uploadSize=1073741824; layers=2; distribution=ubuntu; force=0; vcodesum=7; backup_path=/www/backup; softType=11; load_page=1; load_search=undefined; load_type=null; pnull=1; copyFileName=null; cutFileName=null; request_token=pKU4rWF5lNsn9iajl3ZxjGDsEb4R5o8jTWl4gaQVdcoBTUx7; rank=a',
  'upgrade-insecure-requests' => '1',
  'accept' => 'text/html,application/xhtml+xml,application/xml;q=0.9,*/*;q=0.8',
  'host' => '101.37.13.45',
)
[ info ] [ PARAM ] array (
)
[ info ] [ LOG ] INIT File
---------------------------------------------------------------
[ 2021-01-01T22:25:54+08:00 ] 115.27.209.67 GET 101.37.13.45/index.php/admin/login/index.html
[运行时间：0.031337s] [吞吐率：31.91req/s] [内存消耗：1,734.11kb] [文件加载：42]
[ info ] [ LANG ] /www/wwwroot/101.37.13.45/thinkphp/lang/zh-cn.php
[ info ] [ ROUTE ] array (
  'type' => 'module',
  'module' => 
  array (
    0 => 'admin',
    1 => 'login',
    2 => 'index',
  ),
)
[ info ] [ HEADER ] array (
  'connection' => 'keep-alive',
  'accept-encoding' => 'gzip, deflate',
  'accept-language' => 'zh-cn',
  'user-agent' => 'Mozilla/5.0 (Macintosh; Intel Mac OS X 10_15_7) AppleWebKit/605.1.15 (KHTML, like Gecko) Version/14.0 Safari/605.1.15',
  'cookie' => 'SESSIONID=fa9fb39b-535a-41da-9a93-a0ceda57b437.W7VVqd2pJXjv54XRbjtd0GfxLB8; ltd_end=-1; memSize=1839; order=id%20desc; pro_end=-1; serverType=apache; sites_path=/www/wwwroot; Path=/www/wwwroot/101.37.13.45/application; uploadSize=1073741824; layers=2; distribution=ubuntu; force=0; vcodesum=7; backup_path=/www/backup; softType=11; load_page=1; load_search=undefined; load_type=null; pnull=1; copyFileName=null; cutFileName=null; request_token=pKU4rWF5lNsn9iajl3ZxjGDsEb4R5o8jTWl4gaQVdcoBTUx7; rank=a',
  'upgrade-insecure-requests' => '1',
  'accept' => 'text/html,application/xhtml+xml,application/xml;q=0.9,*/*;q=0.8',
  'host' => '101.37.13.45',
)
[ info ] [ PARAM ] array (
)
[ info ] [ LOG ] INIT File
---------------------------------------------------------------
[ 2021-01-01T22:25:55+08:00 ] 115.27.209.67 GET 101.37.13.45/index.php/admin/login/index
[运行时间：0.031743s] [吞吐率：31.50req/s] [内存消耗：1,734.00kb] [文件加载：42]
[ info ] [ LANG ] /www/wwwroot/101.37.13.45/thinkphp/lang/zh-cn.php
[ info ] [ ROUTE ] array (
  'type' => 'module',
  'module' => 
  array (
    0 => 'admin',
    1 => 'login',
    2 => 'index',
  ),
)
[ info ] [ HEADER ] array (
  'connection' => 'keep-alive',
  'accept-encoding' => 'gzip, deflate',
  'accept-language' => 'zh-cn',
  'user-agent' => 'Mozilla/5.0 (Macintosh; Intel Mac OS X 10_15_7) AppleWebKit/605.1.15 (KHTML, like Gecko) Version/14.0 Safari/605.1.15',
  'cookie' => 'SESSIONID=fa9fb39b-535a-41da-9a93-a0ceda57b437.W7VVqd2pJXjv54XRbjtd0GfxLB8; ltd_end=-1; memSize=1839; order=id%20desc; pro_end=-1; serverType=apache; sites_path=/www/wwwroot; Path=/www/wwwroot/101.37.13.45/application; uploadSize=1073741824; layers=2; distribution=ubuntu; force=0; vcodesum=7; backup_path=/www/backup; softType=11; load_page=1; load_search=undefined; load_type=null; pnull=1; copyFileName=null; cutFileName=null; request_token=pKU4rWF5lNsn9iajl3ZxjGDsEb4R5o8jTWl4gaQVdcoBTUx7; rank=a',
  'upgrade-insecure-requests' => '1',
  'accept' => 'text/html,application/xhtml+xml,application/xml;q=0.9,*/*;q=0.8',
  'host' => '101.37.13.45',
)
[ info ] [ PARAM ] array (
)
[ info ] [ LOG ] INIT File
---------------------------------------------------------------
[ 2021-01-01T22:25:55+08:00 ] 115.27.209.67 GET 101.37.13.45/index.php/admin/login/index.html
[运行时间：0.029291s] [吞吐率：34.14req/s] [内存消耗：1,734.11kb] [文件加载：42]
[ info ] [ LANG ] /www/wwwroot/101.37.13.45/thinkphp/lang/zh-cn.php
[ info ] [ ROUTE ] array (
  'type' => 'module',
  'module' => 
  array (
    0 => 'admin',
    1 => 'login',
    2 => 'index',
  ),
)
[ info ] [ HEADER ] array (
  'connection' => 'keep-alive',
  'accept-encoding' => 'gzip, deflate',
  'accept-language' => 'zh-cn',
  'user-agent' => 'Mozilla/5.0 (Macintosh; Intel Mac OS X 10_15_7) AppleWebKit/605.1.15 (KHTML, like Gecko) Version/14.0 Safari/605.1.15',
  'cookie' => 'SESSIONID=fa9fb39b-535a-41da-9a93-a0ceda57b437.W7VVqd2pJXjv54XRbjtd0GfxLB8; ltd_end=-1; memSize=1839; order=id%20desc; pro_end=-1; serverType=apache; sites_path=/www/wwwroot; Path=/www/wwwroot/101.37.13.45/application; uploadSize=1073741824; layers=2; distribution=ubuntu; force=0; vcodesum=7; backup_path=/www/backup; softType=11; load_page=1; load_search=undefined; load_type=null; pnull=1; copyFileName=null; cutFileName=null; request_token=pKU4rWF5lNsn9iajl3ZxjGDsEb4R5o8jTWl4gaQVdcoBTUx7; rank=a',
  'upgrade-insecure-requests' => '1',
  'accept' => 'text/html,application/xhtml+xml,application/xml;q=0.9,*/*;q=0.8',
  'host' => '101.37.13.45',
)
[ info ] [ PARAM ] array (
)
[ info ] [ LOG ] INIT File
---------------------------------------------------------------
[ 2021-01-01T22:25:56+08:00 ] 115.27.209.67 GET 101.37.13.45/index.php/admin/login/test
[运行时间：0.026665s] [吞吐率：37.50req/s] [内存消耗：1,594.23kb] [文件加载：39]
[ info ] [ LANG ] /www/wwwroot/101.37.13.45/thinkphp/lang/zh-cn.php
[ info ] [ ROUTE ] array (
  'type' => 'module',
  'module' => 
  array (
    0 => 'admin',
    1 => 'login',
    2 => 'test',
  ),
)
[ info ] [ HEADER ] array (
  'connection' => 'keep-alive',
  'accept-encoding' => 'gzip, deflate',
  'accept-language' => 'zh-cn',
  'user-agent' => 'Mozilla/5.0 (Macintosh; Intel Mac OS X 10_15_7) AppleWebKit/605.1.15 (KHTML, like Gecko) Version/14.0 Safari/605.1.15',
  'cookie' => 'SESSIONID=fa9fb39b-535a-41da-9a93-a0ceda57b437.W7VVqd2pJXjv54XRbjtd0GfxLB8; ltd_end=-1; memSize=1839; order=id%20desc; pro_end=-1; serverType=apache; sites_path=/www/wwwroot; Path=/www/wwwroot/101.37.13.45/application; uploadSize=1073741824; layers=2; distribution=ubuntu; force=0; vcodesum=7; backup_path=/www/backup; softType=11; load_page=1; load_search=undefined; load_type=null; pnull=1; copyFileName=null; cutFileName=null; request_token=pKU4rWF5lNsn9iajl3ZxjGDsEb4R5o8jTWl4gaQVdcoBTUx7; rank=a',
  'upgrade-insecure-requests' => '1',
  'accept' => 'text/html,application/xhtml+xml,application/xml;q=0.9,*/*;q=0.8',
  'host' => '101.37.13.45',
)
[ info ] [ PARAM ] array (
)
[ info ] [ RUN ] app\admin\controller\Login->test[ /www/wwwroot/101.37.13.45/application/admin/controller/Login.php ]
[ info ] [ LOG ] INIT File
---------------------------------------------------------------
[ 2021-01-01T22:26:03+08:00 ] 115.27.209.67 GET 101.37.13.45/index.php/admin/login/index.html
[运行时间：0.029546s] [吞吐率：33.85req/s] [内存消耗：1,734.11kb] [文件加载：42]
[ info ] [ LANG ] /www/wwwroot/101.37.13.45/thinkphp/lang/zh-cn.php
[ info ] [ ROUTE ] array (
  'type' => 'module',
  'module' => 
  array (
    0 => 'admin',
    1 => 'login',
    2 => 'index',
  ),
)
[ info ] [ HEADER ] array (
  'connection' => 'keep-alive',
  'accept-encoding' => 'gzip, deflate',
  'accept-language' => 'zh-cn',
  'user-agent' => 'Mozilla/5.0 (Macintosh; Intel Mac OS X 10_15_7) AppleWebKit/605.1.15 (KHTML, like Gecko) Version/14.0 Safari/605.1.15',
  'cookie' => 'SESSIONID=fa9fb39b-535a-41da-9a93-a0ceda57b437.W7VVqd2pJXjv54XRbjtd0GfxLB8; ltd_end=-1; memSize=1839; order=id%20desc; pro_end=-1; serverType=apache; sites_path=/www/wwwroot; Path=/www/wwwroot/101.37.13.45/application; uploadSize=1073741824; layers=2; distribution=ubuntu; force=0; vcodesum=7; backup_path=/www/backup; softType=11; load_page=1; load_search=undefined; load_type=null; pnull=1; copyFileName=null; cutFileName=null; request_token=pKU4rWF5lNsn9iajl3ZxjGDsEb4R5o8jTWl4gaQVdcoBTUx7; rank=a',
  'upgrade-insecure-requests' => '1',
  'accept' => 'text/html,application/xhtml+xml,application/xml;q=0.9,*/*;q=0.8',
  'host' => '101.37.13.45',
)
[ info ] [ PARAM ] array (
)
[ info ] [ LOG ] INIT File
---------------------------------------------------------------
[ 2021-01-01T22:26:03+08:00 ] 115.27.209.67 GET 101.37.13.45/
[运行时间：0.021264s] [吞吐率：47.03req/s] [内存消耗：1,278.90kb] [文件加载：33]
[ info ] [ LANG ] /www/wwwroot/101.37.13.45/thinkphp/lang/zh-cn.php
[ info ] [ ROUTE ] array (
  'type' => 'module',
  'module' => 
  array (
    0 => '',
    1 => NULL,
    2 => NULL,
  ),
)
[ info ] [ HEADER ] array (
  'connection' => 'keep-alive',
  'accept-encoding' => 'gzip, deflate',
  'accept-language' => 'zh-cn',
  'user-agent' => 'Mozilla/5.0 (Macintosh; Intel Mac OS X 10_15_7) AppleWebKit/605.1.15 (KHTML, like Gecko) Version/14.0 Safari/605.1.15',
  'cookie' => 'SESSIONID=fa9fb39b-535a-41da-9a93-a0ceda57b437.W7VVqd2pJXjv54XRbjtd0GfxLB8; ltd_end=-1; memSize=1839; order=id%20desc; pro_end=-1; serverType=apache; sites_path=/www/wwwroot; Path=/www/wwwroot/101.37.13.45/application; uploadSize=1073741824; layers=2; distribution=ubuntu; force=0; vcodesum=7; backup_path=/www/backup; softType=11; load_page=1; load_search=undefined; load_type=null; pnull=1; copyFileName=null; cutFileName=null; request_token=pKU4rWF5lNsn9iajl3ZxjGDsEb4R5o8jTWl4gaQVdcoBTUx7; rank=a',
  'upgrade-insecure-requests' => '1',
  'accept' => 'text/html,application/xhtml+xml,application/xml;q=0.9,*/*;q=0.8',
  'host' => '101.37.13.45',
)
[ info ] [ PARAM ] array (
)
[ info ] [ RUN ] app\index\controller\Index->index[ /www/wwwroot/101.37.13.45/application/index/controller/Index.php ]
[ info ] [ LOG ] INIT File
---------------------------------------------------------------
[ 2021-01-01T22:26:04+08:00 ] 115.27.209.67 GET 101.37.13.45/tp5/public/
[运行时间：0.024172s] [吞吐率：41.37req/s] [内存消耗：1,341.43kb] [文件加载：35]
[ info ] [ LANG ] /www/wwwroot/101.37.13.45/thinkphp/lang/zh-cn.php
[ info ] [ ROUTE ] array (
  'type' => 'module',
  'module' => 
  array (
    0 => 'tp5',
    1 => 'public',
    2 => NULL,
  ),
)
[ info ] [ HEADER ] array (
  'connection' => 'keep-alive',
  'accept-encoding' => 'gzip, deflate',
  'accept-language' => 'zh-cn',
  'user-agent' => 'Mozilla/5.0 (Macintosh; Intel Mac OS X 10_15_7) AppleWebKit/605.1.15 (KHTML, like Gecko) Version/14.0 Safari/605.1.15',
  'cookie' => 'SESSIONID=fa9fb39b-535a-41da-9a93-a0ceda57b437.W7VVqd2pJXjv54XRbjtd0GfxLB8; ltd_end=-1; memSize=1839; order=id%20desc; pro_end=-1; serverType=apache; sites_path=/www/wwwroot; Path=/www/wwwroot/101.37.13.45/application; uploadSize=1073741824; layers=2; distribution=ubuntu; force=0; vcodesum=7; backup_path=/www/backup; softType=11; load_page=1; load_search=undefined; load_type=null; pnull=1; copyFileName=null; cutFileName=null; request_token=pKU4rWF5lNsn9iajl3ZxjGDsEb4R5o8jTWl4gaQVdcoBTUx7; rank=a',
  'upgrade-insecure-requests' => '1',
  'accept' => 'text/html,application/xhtml+xml,application/xml;q=0.9,*/*;q=0.8',
  'host' => '101.37.13.45',
)
[ info ] [ PARAM ] array (
  '/tp5/public/' => '',
)
[ info ] [ LOG ] INIT File
---------------------------------------------------------------
[ 2021-01-01T22:26:25+08:00 ] 115.27.209.67 GET 101.37.13.45/index.php/index/index/index
[运行时间：0.021389s] [吞吐率：46.75req/s] [内存消耗：1,280.61kb] [文件加载：33]
[ info ] [ LANG ] /www/wwwroot/101.37.13.45/thinkphp/lang/zh-cn.php
[ info ] [ ROUTE ] array (
  'type' => 'module',
  'module' => 
  array (
    0 => 'index',
    1 => 'index',
    2 => 'index',
  ),
)
[ info ] [ HEADER ] array (
  'connection' => 'keep-alive',
  'accept-encoding' => 'gzip, deflate',
  'accept-language' => 'zh-cn',
  'user-agent' => 'Mozilla/5.0 (Macintosh; Intel Mac OS X 10_15_7) AppleWebKit/605.1.15 (KHTML, like Gecko) Version/14.0 Safari/605.1.15',
  'cookie' => 'SESSIONID=fa9fb39b-535a-41da-9a93-a0ceda57b437.W7VVqd2pJXjv54XRbjtd0GfxLB8; ltd_end=-1; memSize=1839; order=id%20desc; pro_end=-1; serverType=apache; sites_path=/www/wwwroot; Path=/www/wwwroot/101.37.13.45/application; uploadSize=1073741824; layers=2; distribution=ubuntu; force=0; vcodesum=7; backup_path=/www/backup; softType=11; load_page=1; load_search=undefined; load_type=null; pnull=1; copyFileName=null; cutFileName=null; request_token=pKU4rWF5lNsn9iajl3ZxjGDsEb4R5o8jTWl4gaQVdcoBTUx7; rank=a',
  'upgrade-insecure-requests' => '1',
  'accept' => 'text/html,application/xhtml+xml,application/xml;q=0.9,*/*;q=0.8',
  'host' => '101.37.13.45',
)
[ info ] [ PARAM ] array (
)
[ info ] [ RUN ] app\index\controller\Index->index[ /www/wwwroot/101.37.13.45/application/index/controller/Index.php ]
[ info ] [ LOG ] INIT File
---------------------------------------------------------------
[ 2021-01-01T23:45:07+08:00 ] 139.162.119.197 GET 101.37.13.45/
[运行时间：0.023427s] [吞吐率：42.69req/s] [内存消耗：1,272.13kb] [文件加载：33]
[ info ] [ LANG ] /www/wwwroot/101.37.13.45/thinkphp/lang/zh-cn.php
[ info ] [ ROUTE ] array (
  'type' => 'module',
  'module' => 
  array (
    0 => '',
    1 => NULL,
    2 => NULL,
  ),
)
[ info ] [ HEADER ] array (
  'connection' => 'close',
  'user-agent' => 'HTTP Banner Detection (https://security.ipip.net)',
  'host' => '101.37.13.45',
)
[ info ] [ PARAM ] array (
)
[ info ] [ RUN ] app\index\controller\Index->index[ /www/wwwroot/101.37.13.45/application/index/controller/Index.php ]
[ info ] [ LOG ] INIT File
---------------------------------------------------------------
[ 2021-01-01T23:47:52+08:00 ] 205.185.126.93 GET 101.37.13.45/w00tw00t.at.blackhats.romanian.anti-sec:)
[运行时间：0.025160s] [吞吐率：39.75req/s] [内存消耗：1,336.98kb] [文件加载：35]
[ info ] [ LANG ] /www/wwwroot/101.37.13.45/thinkphp/lang/zh-cn.php
[ info ] [ ROUTE ] array (
  'type' => 'module',
  'module' => 
  array (
    0 => 'w00tw00t.at.blackhats.romanian.anti-sec:)',
    1 => NULL,
    2 => NULL,
  ),
)
[ info ] [ HEADER ] array (
  'connection' => 'Close',
  'host' => '101.37.13.45',
  'user-agent' => 'ZmEu',
  'accept-encoding' => 'gzip, deflate',
  'accept-language' => 'en-us',
  'accept' => '*/*',
)
[ info ] [ PARAM ] array (
  '/w00tw00t_at_blackhats_romanian_anti-sec:)' => '',
)
[ info ] [ LOG ] INIT File
---------------------------------------------------------------
[ 2021-01-01T23:47:53+08:00 ] 205.185.126.93 GET 101.37.13.45/phpMyAdmin/scripts/setup.php
[运行时间：0.028573s] [吞吐率：35.00req/s] [内存消耗：1,336.85kb] [文件加载：35]
[ info ] [ LANG ] /www/wwwroot/101.37.13.45/thinkphp/lang/zh-cn.php
[ info ] [ ROUTE ] array (
  'type' => 'module',
  'module' => 
  array (
    0 => 'phpMyAdmin',
    1 => 'scripts',
    2 => 'setup.php',
  ),
)
[ info ] [ HEADER ] array (
  'connection' => 'Close',
  'host' => '101.37.13.45',
  'user-agent' => 'ZmEu',
  'accept-encoding' => 'gzip, deflate',
  'accept-language' => 'en-us',
  'accept' => '*/*',
)
[ info ] [ PARAM ] array (
  '/phpMyAdmin/scripts/setup_php' => '',
)
[ info ] [ LOG ] INIT File
---------------------------------------------------------------
[ 2021-01-01T23:58:40+08:00 ] 192.241.205.219 GET 101.37.13.45/manager/html
[运行时间：0.022911s] [吞吐率：43.65req/s] [内存消耗：1,334.82kb] [文件加载：35]
[ info ] [ LANG ] /www/wwwroot/101.37.13.45/thinkphp/lang/zh-cn.php
[ info ] [ ROUTE ] array (
  'type' => 'module',
  'module' => 
  array (
    0 => 'manager',
    1 => 'html',
    2 => NULL,
  ),
)
[ info ] [ HEADER ] array (
  'accept-encoding' => 'gzip',
  'accept' => '*/*',
  'user-agent' => 'Mozilla/5.0 zgrab/0.x',
  'host' => '101.37.13.45',
)
[ info ] [ PARAM ] array (
  '/manager/html' => '',
)
[ info ] [ LOG ] INIT File
