---------------------------------------------------------------
[ 2021-01-06T02:08:03+08:00 ] 81.91.136.36 GET 101.37.13.45/
[运行时间：0.017175s] [吞吐率：58.22req/s] [内存消耗：1,758.84kb] [文件加载：33]
[ info ] [ LANG ] /www/wwwroot/101.37.13.45/thinkphp/lang/zh-cn.php
[ info ] [ ROUTE ] array (
  'type' => 'module',
  'module' => 
  array (
    0 => '',
    1 => NULL,
    2 => NULL,
  ),
)
[ info ] [ HEADER ] array (
  'authorization' => '',
  'host' => '101.37.13.45',
  'user-agent' => 'Mozilla/5.0 NetSeen/1.0',
  'accept' => '*/*',
  'accept-encoding' => 'gzip',
)
[ info ] [ PARAM ] array (
)
[ info ] [ RUN ] app\index\controller\Index->index[ /www/wwwroot/101.37.13.45/application/index/controller/Index.php ]
[ info ] [ LOG ] INIT File
---------------------------------------------------------------
[ 2021-01-06T03:31:17+08:00 ] 244.122.101.40 GET 101.37.13.45/index.php
[运行时间：0.014648s] [吞吐率：68.27req/s] [内存消耗：1,759.57kb] [文件加载：33]
[ info ] [ LANG ] /www/wwwroot/101.37.13.45/thinkphp/lang/zh-cn.php
[ info ] [ ROUTE ] array (
  'type' => 'module',
  'module' => 
  array (
    0 => '',
    1 => NULL,
    2 => NULL,
  ),
)
[ info ] [ HEADER ] array (
  'authorization' => '',
  'client-ip' => '244.122.101.40',
  'x-forwarded-for' => '244.122.101.40',
  'accept' => 'text/html, application/xhtml+xml, */*',
  'user-agent' => 'Mozilla/5.0 (Windows NT 6.1; WOW64; rv:18.0) Gecko/20100101 Firefox/18.0',
  'host' => '101.37.13.45',
  'connection' => 'Keep-Alive',
  'content-type' => 'text/html',
)
[ info ] [ PARAM ] array (
)
[ info ] [ RUN ] app\index\controller\Index->index[ /www/wwwroot/101.37.13.45/application/index/controller/Index.php ]
[ info ] [ LOG ] INIT File
---------------------------------------------------------------
[ 2021-01-06T03:31:17+08:00 ] 244.122.101.40 GET 101.37.13.45/phpmyadmin/index.php
[运行时间：0.015842s] [吞吐率：63.12req/s] [内存消耗：1,832.73kb] [文件加载：35]
[ info ] [ LANG ] /www/wwwroot/101.37.13.45/thinkphp/lang/zh-cn.php
[ info ] [ ROUTE ] array (
  'type' => 'module',
  'module' => 
  array (
    0 => 'phpmyadmin',
    1 => 'index.php',
    2 => NULL,
  ),
)
[ info ] [ HEADER ] array (
  'authorization' => '',
  'client-ip' => '244.122.101.40',
  'x-forwarded-for' => '244.122.101.40',
  'accept' => 'text/html, application/xhtml+xml, */*',
  'user-agent' => 'Mozilla/5.0 (Windows NT 6.1; WOW64; rv:18.0) Gecko/20100101 Firefox/18.0',
  'host' => '101.37.13.45',
  'content-type' => 'text/html',
)
[ info ] [ PARAM ] array (
)
[ info ] [ LOG ] INIT File
---------------------------------------------------------------
[ 2021-01-06T03:51:39+08:00 ] 93.183.172.209 GET 101.37.13.45:80/
[运行时间：0.014564s] [吞吐率：68.66req/s] [内存消耗：1,758.87kb] [文件加载：33]
[ info ] [ LANG ] /www/wwwroot/101.37.13.45/thinkphp/lang/zh-cn.php
[ info ] [ ROUTE ] array (
  'type' => 'module',
  'module' => 
  array (
    0 => '',
    1 => NULL,
    2 => NULL,
  ),
)
[ info ] [ HEADER ] array (
  'authorization' => '',
  'host' => '101.37.13.45:80',
  'user-agent' => 'Mozilla/5.0 (Windows NT 10.0; WOW64) AppleWebKit/537.36 (KHTML, like Gecko) Chrome/52.0.2743.116 Safari/537.36',
  'content-length' => '0',
)
[ info ] [ PARAM ] array (
)
[ info ] [ RUN ] app\index\controller\Index->index[ /www/wwwroot/101.37.13.45/application/index/controller/Index.php ]
[ info ] [ LOG ] INIT File
---------------------------------------------------------------
[ 2021-01-06T05:21:41+08:00 ] 89.248.168.108 GET 101.37.13.45:80/
[运行时间：0.015504s] [吞吐率：64.50req/s] [内存消耗：1,759.70kb] [文件加载：33]
[ info ] [ LANG ] /www/wwwroot/101.37.13.45/thinkphp/lang/zh-cn.php
[ info ] [ ROUTE ] array (
  'type' => 'module',
  'module' => 
  array (
    0 => '',
    1 => NULL,
    2 => NULL,
  ),
)
[ info ] [ HEADER ] array (
  'authorization' => '',
  'host' => '101.37.13.45:80',
  'user-agent' => 'Linux Gnu (cow)',
  'accept' => 'text/html,application/xhtml+xml,application/xml;q=0.9,image/webp,*/*;q=0.8',
  'accept-language' => 'en-GB,en;q=0.5',
  'accept-encoding' => 'gzip, deflate',
  'connection' => 'close',
  'upgrade-insecure-requests' => '1',
)
[ info ] [ PARAM ] array (
)
[ info ] [ RUN ] app\index\controller\Index->index[ /www/wwwroot/101.37.13.45/application/index/controller/Index.php ]
[ info ] [ LOG ] INIT File
---------------------------------------------------------------
[ 2021-01-06T05:41:56+08:00 ] 35.173.49.170 GET 101.37.13.45/.env
[运行时间：0.018516s] [吞吐率：54.01req/s] [内存消耗：1,832.45kb] [文件加载：35]
[ info ] [ LANG ] /www/wwwroot/101.37.13.45/thinkphp/lang/zh-cn.php
[ info ] [ ROUTE ] array (
  'type' => 'module',
  'module' => 
  array (
    0 => '.env',
    1 => NULL,
    2 => NULL,
  ),
)
[ info ] [ HEADER ] array (
  'authorization' => '',
  'host' => '101.37.13.45',
  'connection' => 'keep-alive',
  'accept-encoding' => 'gzip, deflate',
  'accept' => '*/*',
  'user-agent' => 'Mozilla/5.0 (X11; Linux x86_64) AppleWebKit/537.36 (KHTML, like Gecko) Chrome/81.0.4044.129 Safari/537.36',
)
[ info ] [ PARAM ] array (
)
[ info ] [ LOG ] INIT File
---------------------------------------------------------------
[ 2021-01-06T05:41:56+08:00 ] 35.173.49.170 POST 101.37.13.45/
[运行时间：0.018088s] [吞吐率：55.28req/s] [内存消耗：1,758.94kb] [文件加载：33]
[ info ] [ LANG ] /www/wwwroot/101.37.13.45/thinkphp/lang/zh-cn.php
[ info ] [ ROUTE ] array (
  'type' => 'module',
  'module' => 
  array (
    0 => '',
    1 => NULL,
    2 => NULL,
  ),
)
[ info ] [ HEADER ] array (
  'authorization' => '',
  'host' => '101.37.13.45',
  'connection' => 'keep-alive',
  'accept-encoding' => 'gzip, deflate',
  'accept' => '*/*',
  'user-agent' => 'Mozilla/5.0 (X11; Linux x86_64) AppleWebKit/537.36 (KHTML, like Gecko) Chrome/81.0.4044.129 Safari/537.36',
  'content-type' => 'application/x-www-form-urlencoded',
  'content-length' => '18',
)
[ info ] [ PARAM ] array (
  '0x' => 
  array (
    0 => 'anarchy99',
  ),
)
[ info ] [ RUN ] app\index\controller\Index->index[ /www/wwwroot/101.37.13.45/application/index/controller/Index.php ]
[ info ] [ LOG ] INIT File
---------------------------------------------------------------
[ 2021-01-06T05:49:26+08:00 ] 95.123.41.94 GET 101.37.13.45/
[运行时间：0.016312s] [吞吐率：61.30req/s] [内存消耗：1,758.84kb] [文件加载：33]
[ info ] [ LANG ] /www/wwwroot/101.37.13.45/thinkphp/lang/zh-cn.php
[ info ] [ ROUTE ] array (
  'type' => 'module',
  'module' => 
  array (
    0 => '',
    1 => NULL,
    2 => NULL,
  ),
)
[ info ] [ HEADER ] array (
  'authorization' => '',
  'host' => '101.37.13.45',
  'user-agent' => 'Mozilla/5.0 zgrab/0.x',
  'accept' => '*/*',
  'accept-encoding' => 'gzip',
)
[ info ] [ PARAM ] array (
)
[ info ] [ RUN ] app\index\controller\Index->index[ /www/wwwroot/101.37.13.45/application/index/controller/Index.php ]
[ info ] [ LOG ] INIT File
---------------------------------------------------------------
[ 2021-01-06T06:11:09+08:00 ] 37.46.150.227 GET 101.37.13.45:80/
[运行时间：0.015893s] [吞吐率：62.92req/s] [内存消耗：1,759.83kb] [文件加载：33]
[ info ] [ LANG ] /www/wwwroot/101.37.13.45/thinkphp/lang/zh-cn.php
[ info ] [ ROUTE ] array (
  'type' => 'module',
  'module' => 
  array (
    0 => '',
    1 => NULL,
    2 => NULL,
  ),
)
[ info ] [ HEADER ] array (
  'authorization' => '',
  'host' => '101.37.13.45:80',
  'user-agent' => 'Mozilla/5.0 (X11; Ubuntu; Linux x86_64; rv:76.0) Gecko/20100101 Firefox/76.0',
  'accept' => 'text/html,application/xhtml+xml,application/xml;q=0.9,image/webp,*/*;q=0.8',
  'accept-language' => 'en-GB,en;q=0.5',
  'accept-encoding' => 'gzip, deflate',
  'connection' => 'close',
  'upgrade-insecure-requests' => '1',
)
[ info ] [ PARAM ] array (
)
[ info ] [ RUN ] app\index\controller\Index->index[ /www/wwwroot/101.37.13.45/application/index/controller/Index.php ]
[ info ] [ LOG ] INIT File
---------------------------------------------------------------
[ 2021-01-06T06:35:59+08:00 ] 144.91.75.5 POST 101.37.13.45:80/boaform/admin/formLogin
[运行时间：0.021403s] [吞吐率：46.72req/s] [内存消耗：1,834.16kb] [文件加载：35]
[ info ] [ LANG ] /www/wwwroot/101.37.13.45/thinkphp/lang/zh-cn.php
[ info ] [ ROUTE ] array (
  'type' => 'module',
  'module' => 
  array (
    0 => 'boaform',
    1 => 'admin',
    2 => 'formLogin',
  ),
)
[ info ] [ HEADER ] array (
  'authorization' => '',
  'host' => '101.37.13.45:80',
  'user-agent' => 'Mozilla/5.0 (X11; Ubuntu; Linux x86_64; rv:71.0) Gecko/20100101 Firefox/71.0',
  'accept' => 'text/html,application/xhtml+xml,application/xml;q=0.9,*/*;q=0.8',
  'accept-language' => 'en-GB,en;q=0.5',
  'accept-encoding' => 'gzip, deflate',
  'origin' => 'http://101.37.13.45:80',
  'connection' => 'keep-alive',
  'referer' => 'http://101.37.13.45:80/admin/login.asp',
  'upgrade-insecure-requests' => '1',
  'content-type' => 'application/x-www-form-urlencoded',
  'content-length' => '29',
)
[ info ] [ PARAM ] array (
  'username' => 'admin',
  'psd' => 'Feefifofum',
)
[ info ] [ LOG ] INIT File
---------------------------------------------------------------
[ 2021-01-06T07:28:48+08:00 ] 198.20.124.218 GET 101.37.13.45/
[运行时间：0.014598s] [吞吐率：68.50req/s] [内存消耗：1,759.23kb] [文件加载：33]
[ info ] [ LANG ] /www/wwwroot/101.37.13.45/thinkphp/lang/zh-cn.php
[ info ] [ ROUTE ] array (
  'type' => 'module',
  'module' => 
  array (
    0 => '',
    1 => NULL,
    2 => NULL,
  ),
)
[ info ] [ HEADER ] array (
  'authorization' => '',
  'host' => '101.37.13.45',
  'user-agent' => 'Mozilla/5.0 (Windows NT 10.0; Win64; x64) AppleWebKit/537.36 (KHTML, like Gecko) Chrome/60.0.3112.113 Safari/537.36',
  'accept' => '*/*',
  'accept-encoding' => 'gzip',
)
[ info ] [ PARAM ] array (
)
[ info ] [ RUN ] app\index\controller\Index->index[ /www/wwwroot/101.37.13.45/application/index/controller/Index.php ]
[ info ] [ LOG ] INIT File
---------------------------------------------------------------
[ 2021-01-06T07:42:39+08:00 ] 101.133.136.80 POST 101.37.13.45/sdk
[运行时间：0.016494s] [吞吐率：60.63req/s] [内存消耗：1,832.47kb] [文件加载：35]
[ info ] [ LANG ] /www/wwwroot/101.37.13.45/thinkphp/lang/zh-cn.php
[ info ] [ ROUTE ] array (
  'type' => 'module',
  'module' => 
  array (
    0 => 'sdk',
    1 => NULL,
    2 => NULL,
  ),
)
[ info ] [ HEADER ] array (
  'authorization' => '',
  'user-agent' => 'Mozilla/5.0 (Windows NT 10.0; Win64; x64) AppleWebKit/537.36 (KHTML, like Gecko) Chrome/80.0.3987.132 Safari/537.36',
  'connection' => 'close',
  'host' => '101.37.13.45',
  'content-length' => '441',
)
[ info ] [ PARAM ] array (
)
[ info ] [ LOG ] INIT File
---------------------------------------------------------------
[ 2021-01-06T07:42:51+08:00 ] 101.133.136.80 GET 101.37.13.45/nmaplowercheck1609890159
[运行时间：0.016369s] [吞吐率：61.09req/s] [内存消耗：1,831.89kb] [文件加载：35]
[ info ] [ LANG ] /www/wwwroot/101.37.13.45/thinkphp/lang/zh-cn.php
[ info ] [ ROUTE ] array (
  'type' => 'module',
  'module' => 
  array (
    0 => 'nmaplowercheck1609890159',
    1 => NULL,
    2 => NULL,
  ),
)
[ info ] [ HEADER ] array (
  'authorization' => '',
  'user-agent' => 'Mozilla/5.0 (Windows NT 10.0; Win64; x64) AppleWebKit/537.36 (KHTML, like Gecko) Chrome/80.0.3987.132 Safari/537.36',
  'connection' => 'close',
  'host' => '101.37.13.45',
)
[ info ] [ PARAM ] array (
)
[ info ] [ LOG ] INIT File
---------------------------------------------------------------
[ 2021-01-06T07:42:51+08:00 ] 101.133.136.80 GET 101.37.13.45/HNAP1
[运行时间：0.017299s] [吞吐率：57.81req/s] [内存消耗：1,831.63kb] [文件加载：35]
[ info ] [ LANG ] /www/wwwroot/101.37.13.45/thinkphp/lang/zh-cn.php
[ info ] [ ROUTE ] array (
  'type' => 'module',
  'module' => 
  array (
    0 => 'HNAP1',
    1 => NULL,
    2 => NULL,
  ),
)
[ info ] [ HEADER ] array (
  'authorization' => '',
  'user-agent' => 'Mozilla/5.0 (Windows NT 10.0; Win64; x64) AppleWebKit/537.36 (KHTML, like Gecko) Chrome/80.0.3987.132 Safari/537.36',
  'connection' => 'close',
  'host' => '101.37.13.45',
)
[ info ] [ PARAM ] array (
)
[ info ] [ LOG ] INIT File
---------------------------------------------------------------
[ 2021-01-06T07:43:01+08:00 ] 101.133.136.80 GET 101.37.13.45/evox/about
[运行时间：0.018361s] [吞吐率：54.46req/s] [内存消耗：1,831.64kb] [文件加载：35]
[ info ] [ LANG ] /www/wwwroot/101.37.13.45/thinkphp/lang/zh-cn.php
[ info ] [ ROUTE ] array (
  'type' => 'module',
  'module' => 
  array (
    0 => 'evox',
    1 => 'about',
    2 => NULL,
  ),
)
[ info ] [ HEADER ] array (
  'authorization' => '',
  'user-agent' => 'Mozilla/5.0 (Windows NT 10.0; Win64; x64) AppleWebKit/537.36 (KHTML, like Gecko) Chrome/80.0.3987.132 Safari/537.36',
  'connection' => 'close',
  'host' => '101.37.13.45',
)
[ info ] [ PARAM ] array (
)
[ info ] [ LOG ] INIT File
---------------------------------------------------------------
[ 2021-01-06T07:43:11+08:00 ] 101.133.136.80 GET 101.37.13.45/
[运行时间：0.016366s] [吞吐率：61.10req/s] [内存消耗：1,758.20kb] [文件加载：33]
[ info ] [ LANG ] /www/wwwroot/101.37.13.45/thinkphp/lang/zh-cn.php
[ info ] [ ROUTE ] array (
  'type' => 'module',
  'module' => 
  array (
    0 => '',
    1 => NULL,
    2 => NULL,
  ),
)
[ info ] [ HEADER ] array (
  'authorization' => '',
  'host' => '101.37.13.45',
)
[ info ] [ PARAM ] array (
)
[ info ] [ RUN ] app\index\controller\Index->index[ /www/wwwroot/101.37.13.45/application/index/controller/Index.php ]
[ info ] [ LOG ] INIT File
---------------------------------------------------------------
[ 2021-01-06T08:01:37+08:00 ] 2.57.122.19 GET 101.37.13.45/
[运行时间：0.016688s] [吞吐率：59.92req/s] [内存消耗：1,759.13kb] [文件加载：33]
[ info ] [ LANG ] /www/wwwroot/101.37.13.45/thinkphp/lang/zh-cn.php
[ info ] [ ROUTE ] array (
  'type' => 'module',
  'module' => 
  array (
    0 => '',
    1 => NULL,
    2 => NULL,
  ),
)
[ info ] [ HEADER ] array (
  'authorization' => '',
  'host' => '101.37.13.45',
  'user-agent' => 'Mozilla/5.0 (Windows NT 10.0; Win64; x64) AppleWebKit/537.36 (KHTML, like Gecko) Chrome/42.0.2311.135 Safari/537.36 Edge/12.246',
  'accept' => '*/*',
  'accept-encoding' => 'gzip',
)
[ info ] [ PARAM ] array (
)
[ info ] [ RUN ] app\index\controller\Index->index[ /www/wwwroot/101.37.13.45/application/index/controller/Index.php ]
[ info ] [ LOG ] INIT File
---------------------------------------------------------------
[ 2021-01-06T08:13:37+08:00 ] 36.89.105.242 GET 101.37.13.45:80/
[运行时间：0.014834s] [吞吐率：67.41req/s] [内存消耗：1,758.87kb] [文件加载：33]
[ info ] [ LANG ] /www/wwwroot/101.37.13.45/thinkphp/lang/zh-cn.php
[ info ] [ ROUTE ] array (
  'type' => 'module',
  'module' => 
  array (
    0 => '',
    1 => NULL,
    2 => NULL,
  ),
)
[ info ] [ HEADER ] array (
  'authorization' => '',
  'host' => '101.37.13.45:80',
  'user-agent' => 'Mozilla/5.0 (Windows NT 6.1; WOW64) AppleWebKit/537.36 (KHTML, like Gecko) Chrome/51.0.2704.103 Safari/537.36',
  'content-length' => '0',
)
[ info ] [ PARAM ] array (
)
[ info ] [ RUN ] app\index\controller\Index->index[ /www/wwwroot/101.37.13.45/application/index/controller/Index.php ]
[ info ] [ LOG ] INIT File
---------------------------------------------------------------
[ 2021-01-06T08:42:03+08:00 ] 209.141.60.195 GET 101.37.13.45:80/config/getuser?index=0
[运行时间：0.017272s] [吞吐率：57.90req/s] [内存消耗：1,833.66kb] [文件加载：35]
[ info ] [ LANG ] /www/wwwroot/101.37.13.45/thinkphp/lang/zh-cn.php
[ info ] [ ROUTE ] array (
  'type' => 'module',
  'module' => 
  array (
    0 => 'config',
    1 => 'getuser',
    2 => NULL,
  ),
)
[ info ] [ HEADER ] array (
  'authorization' => '',
  'host' => '101.37.13.45:80',
  'user-agent' => 'Mozilla/5.0 (X11; Ubuntu; Linux x86_64; rv:76.0) Gecko/20100101 Firefox/76.0',
  'accept' => 'text/html,application/xhtml+xml,application/xml;q=0.9,image/webp,*/*;q=0.8',
  'accept-language' => 'en-GB,en;q=0.5',
  'accept-encoding' => 'gzip, deflate',
  'connection' => 'close',
  'upgrade-insecure-requests' => '1',
)
[ info ] [ PARAM ] array (
  'index' => '0',
)
[ info ] [ LOG ] INIT File
---------------------------------------------------------------
[ 2021-01-06T09:49:27+08:00 ] 125.24.183.36 GET 101.37.13.45/
[运行时间：0.015950s] [吞吐率：62.70req/s] [内存消耗：1,758.51kb] [文件加载：33]
[ info ] [ LANG ] /www/wwwroot/101.37.13.45/thinkphp/lang/zh-cn.php
[ info ] [ ROUTE ] array (
  'type' => 'module',
  'module' => 
  array (
    0 => '',
    1 => NULL,
    2 => NULL,
  ),
)
[ info ] [ HEADER ] array (
  'authorization' => '',
  'user-agent' => 'Mozilla/5.0 (Windows NT 10.0; WOW64) AppleWebKit/537.36 (KHTML, like Gecko) Chrome/51.0.2704.103 Safari/537.36',
  'host' => '101.37.13.45',
)
[ info ] [ PARAM ] array (
)
[ info ] [ RUN ] app\index\controller\Index->index[ /www/wwwroot/101.37.13.45/application/index/controller/Index.php ]
[ info ] [ LOG ] INIT File
---------------------------------------------------------------
[ 2021-01-06T09:51:36+08:00 ] 89.248.168.108 GET 101.37.13.45:80/
[运行时间：0.015558s] [吞吐率：64.28req/s] [内存消耗：1,759.70kb] [文件加载：33]
[ info ] [ LANG ] /www/wwwroot/101.37.13.45/thinkphp/lang/zh-cn.php
[ info ] [ ROUTE ] array (
  'type' => 'module',
  'module' => 
  array (
    0 => '',
    1 => NULL,
    2 => NULL,
  ),
)
[ info ] [ HEADER ] array (
  'authorization' => '',
  'host' => '101.37.13.45:80',
  'user-agent' => 'Linux Gnu (cow)',
  'accept' => 'text/html,application/xhtml+xml,application/xml;q=0.9,image/webp,*/*;q=0.8',
  'accept-language' => 'en-GB,en;q=0.5',
  'accept-encoding' => 'gzip, deflate',
  'connection' => 'close',
  'upgrade-insecure-requests' => '1',
)
[ info ] [ PARAM ] array (
)
[ info ] [ RUN ] app\index\controller\Index->index[ /www/wwwroot/101.37.13.45/application/index/controller/Index.php ]
[ info ] [ LOG ] INIT File
---------------------------------------------------------------
[ 2021-01-06T09:52:19+08:00 ] 115.236.62.43 GET 101.37.13.45/
[运行时间：0.015071s] [吞吐率：66.35req/s] [内存消耗：1,758.88kb] [文件加载：33]
[ info ] [ LANG ] /www/wwwroot/101.37.13.45/thinkphp/lang/zh-cn.php
[ info ] [ ROUTE ] array (
  'type' => 'module',
  'module' => 
  array (
    0 => '',
    1 => NULL,
    2 => NULL,
  ),
)
[ info ] [ HEADER ] array (
  'authorization' => '',
  'host' => '101.37.13.45',
  'connection' => 'keep-alive',
  'accept-encoding' => 'gzip, deflate',
  'accept' => '*/*',
  'user-agent' => 'python-requests/2.21.0',
)
[ info ] [ PARAM ] array (
)
[ info ] [ RUN ] app\index\controller\Index->index[ /www/wwwroot/101.37.13.45/application/index/controller/Index.php ]
[ info ] [ LOG ] INIT File
---------------------------------------------------------------
[ 2021-01-06T09:52:19+08:00 ] 115.236.62.43 GET 101.37.13.45/
[运行时间：0.015913s] [吞吐率：62.84req/s] [内存消耗：1,758.54kb] [文件加载：33]
[ info ] [ LANG ] /www/wwwroot/101.37.13.45/thinkphp/lang/zh-cn.php
[ info ] [ ROUTE ] array (
  'type' => 'module',
  'module' => 
  array (
    0 => '',
    1 => NULL,
    2 => NULL,
  ),
)
[ info ] [ HEADER ] array (
  'authorization' => '',
  'host' => '101.37.13.45',
  'accept-encoding' => 'identity',
)
[ info ] [ PARAM ] array (
)
[ info ] [ RUN ] app\index\controller\Index->index[ /www/wwwroot/101.37.13.45/application/index/controller/Index.php ]
[ info ] [ LOG ] INIT File
---------------------------------------------------------------
[ 2021-01-06T09:52:19+08:00 ] 115.236.62.43 GET 101.37.13.45/fx_plcinf.html?CMD=Monitor%20Start&LANG=EN
[运行时间：0.017915s] [吞吐率：55.82req/s] [内存消耗：1,832.05kb] [文件加载：35]
[ info ] [ LANG ] /www/wwwroot/101.37.13.45/thinkphp/lang/zh-cn.php
[ info ] [ ROUTE ] array (
  'type' => 'module',
  'module' => 
  array (
    0 => 'fx_plcinf',
    1 => NULL,
    2 => NULL,
  ),
)
[ info ] [ HEADER ] array (
  'authorization' => '',
  'host' => '101.37.13.45',
  'accept-encoding' => 'identity',
)
[ info ] [ PARAM ] array (
  'CMD' => 'Monitor Start',
  'LANG' => 'EN',
)
[ info ] [ LOG ] INIT File
---------------------------------------------------------------
[ 2021-01-06T09:52:19+08:00 ] 115.236.62.43 GET 101.37.13.45/ifixwebspace
[运行时间：0.017332s] [吞吐率：57.70req/s] [内存消耗：1,831.46kb] [文件加载：35]
[ info ] [ LANG ] /www/wwwroot/101.37.13.45/thinkphp/lang/zh-cn.php
[ info ] [ ROUTE ] array (
  'type' => 'module',
  'module' => 
  array (
    0 => 'ifixwebspace',
    1 => NULL,
    2 => NULL,
  ),
)
[ info ] [ HEADER ] array (
  'authorization' => '',
  'host' => '101.37.13.45',
  'accept-encoding' => 'identity',
)
[ info ] [ PARAM ] array (
)
[ info ] [ LOG ] INIT File
---------------------------------------------------------------
[ 2021-01-06T09:52:22+08:00 ] 115.236.62.43 GET 101.37.13.45/navigation.html
[运行时间：0.016393s] [吞吐率：61.00req/s] [内存消耗：1,831.02kb] [文件加载：35]
[ info ] [ LANG ] /www/wwwroot/101.37.13.45/thinkphp/lang/zh-cn.php
[ info ] [ ROUTE ] array (
  'type' => 'module',
  'module' => 
  array (
    0 => 'navigation',
    1 => NULL,
    2 => NULL,
  ),
)
[ info ] [ HEADER ] array (
  'authorization' => '',
  'host' => '101.37.13.45',
  'accept-encoding' => 'identity',
)
[ info ] [ PARAM ] array (
)
[ info ] [ LOG ] INIT File
---------------------------------------------------------------
[ 2021-01-06T09:52:22+08:00 ] 115.236.62.43 GET 101.37.13.45/KingViewWeb/
[运行时间：0.016484s] [吞吐率：60.66req/s] [内存消耗：1,831.52kb] [文件加载：35]
[ info ] [ LANG ] /www/wwwroot/101.37.13.45/thinkphp/lang/zh-cn.php
[ info ] [ ROUTE ] array (
  'type' => 'module',
  'module' => 
  array (
    0 => 'KingViewWeb',
    1 => NULL,
    2 => NULL,
  ),
)
[ info ] [ HEADER ] array (
  'authorization' => '',
  'host' => '101.37.13.45',
  'accept-encoding' => 'identity',
)
[ info ] [ PARAM ] array (
)
[ info ] [ LOG ] INIT File
---------------------------------------------------------------
[ 2021-01-06T09:52:30+08:00 ] 128.14.209.250 GET 101.37.13.45/
[运行时间：0.015761s] [吞吐率：63.45req/s] [内存消耗：1,759.23kb] [文件加载：33]
[ info ] [ LANG ] /www/wwwroot/101.37.13.45/thinkphp/lang/zh-cn.php
[ info ] [ ROUTE ] array (
  'type' => 'module',
  'module' => 
  array (
    0 => '',
    1 => NULL,
    2 => NULL,
  ),
)
[ info ] [ HEADER ] array (
  'authorization' => '',
  'host' => '101.37.13.45',
  'user-agent' => 'Mozilla/5.0 (Windows NT 10.0; Win64; x64) AppleWebKit/537.36 (KHTML, like Gecko) Chrome/60.0.3112.113 Safari/537.36',
  'accept' => '*/*',
  'accept-encoding' => 'gzip',
)
[ info ] [ PARAM ] array (
)
[ info ] [ RUN ] app\index\controller\Index->index[ /www/wwwroot/101.37.13.45/application/index/controller/Index.php ]
[ info ] [ LOG ] INIT File
---------------------------------------------------------------
[ 2021-01-06T09:52:32+08:00 ] 115.236.62.43 GET 101.37.13.45/webconfig.ini
[运行时间：0.018184s] [吞吐率：54.99req/s] [内存消耗：1,831.40kb] [文件加载：35]
[ info ] [ LANG ] /www/wwwroot/101.37.13.45/thinkphp/lang/zh-cn.php
[ info ] [ ROUTE ] array (
  'type' => 'module',
  'module' => 
  array (
    0 => 'webconfig.ini',
    1 => NULL,
    2 => NULL,
  ),
)
[ info ] [ HEADER ] array (
  'authorization' => '',
  'host' => '101.37.13.45',
  'accept-encoding' => 'identity',
)
[ info ] [ PARAM ] array (
)
[ info ] [ LOG ] INIT File
---------------------------------------------------------------
[ 2021-01-06T09:58:27+08:00 ] 178.93.29.145 GET 101.37.13.45:80/
[运行时间：0.016997s] [吞吐率：58.83req/s] [内存消耗：1,758.87kb] [文件加载：33]
[ info ] [ LANG ] /www/wwwroot/101.37.13.45/thinkphp/lang/zh-cn.php
[ info ] [ ROUTE ] array (
  'type' => 'module',
  'module' => 
  array (
    0 => '',
    1 => NULL,
    2 => NULL,
  ),
)
[ info ] [ HEADER ] array (
  'authorization' => '',
  'host' => '101.37.13.45:80',
  'user-agent' => 'Mozilla/5.0 (Windows NT 10.0; WOW64) AppleWebKit/537.36 (KHTML, like Gecko) Chrome/52.0.2743.116 Safari/537.36',
  'content-length' => '0',
)
[ info ] [ PARAM ] array (
)
[ info ] [ RUN ] app\index\controller\Index->index[ /www/wwwroot/101.37.13.45/application/index/controller/Index.php ]
[ info ] [ LOG ] INIT File
---------------------------------------------------------------
[ 2021-01-06T11:36:47+08:00 ] 161.189.143.249 GET 101.37.13.45/
[运行时间：0.015210s] [吞吐率：65.75req/s] [内存消耗：1,760.20kb] [文件加载：33]
[ info ] [ LANG ] /www/wwwroot/101.37.13.45/thinkphp/lang/zh-cn.php
[ info ] [ ROUTE ] array (
  'type' => 'module',
  'module' => 
  array (
    0 => '',
    1 => NULL,
    2 => NULL,
  ),
)
[ info ] [ HEADER ] array (
  'authorization' => '',
  'host' => '101.37.13.45',
  'connection' => 'close',
  'accept-encoding' => 'gzip, deflate',
  'accept' => 'text/html,application/xhtml+xml,application/xml;q=0.9,image/avif,image/webp,image/apng,*/*;q=0.8,application/signed-exchange;v=b3;q=0.9',
  'user-agent' => 'Mozilla/5.0 (Windows NT 10.0; Win64; x64) AppleWebKit/537.36 (KHTML, like Gecko) Chrome/87.0.4280.66 Safari/537.36',
  'accept-language' => 'zh-CN,zh;q=0.9',
  'upgrade-insecure-requests' => '1',
)
[ info ] [ PARAM ] array (
)
[ info ] [ RUN ] app\index\controller\Index->index[ /www/wwwroot/101.37.13.45/application/index/controller/Index.php ]
[ info ] [ LOG ] INIT File
---------------------------------------------------------------
[ 2021-01-06T12:11:37+08:00 ] 176.214.220.214 GET 101.37.13.45:80/
[运行时间：0.016863s] [吞吐率：59.30req/s] [内存消耗：1,758.87kb] [文件加载：33]
[ info ] [ LANG ] /www/wwwroot/101.37.13.45/thinkphp/lang/zh-cn.php
[ info ] [ ROUTE ] array (
  'type' => 'module',
  'module' => 
  array (
    0 => '',
    1 => NULL,
    2 => NULL,
  ),
)
[ info ] [ HEADER ] array (
  'authorization' => '',
  'host' => '101.37.13.45:80',
  'user-agent' => 'Mozilla/5.0 (Windows NT 6.1; WOW64) AppleWebKit/537.36 (KHTML, like Gecko) Chrome/52.0.2743.116 Safari/537.36',
  'content-length' => '0',
)
[ info ] [ PARAM ] array (
)
[ info ] [ RUN ] app\index\controller\Index->index[ /www/wwwroot/101.37.13.45/application/index/controller/Index.php ]
[ info ] [ LOG ] INIT File
---------------------------------------------------------------
[ 2021-01-06T15:16:23+08:00 ] 128.14.134.134 GET 101.37.13.45/
[运行时间：0.015027s] [吞吐率：66.55req/s] [内存消耗：1,759.23kb] [文件加载：33]
[ info ] [ LANG ] /www/wwwroot/101.37.13.45/thinkphp/lang/zh-cn.php
[ info ] [ ROUTE ] array (
  'type' => 'module',
  'module' => 
  array (
    0 => '',
    1 => NULL,
    2 => NULL,
  ),
)
[ info ] [ HEADER ] array (
  'authorization' => '',
  'host' => '101.37.13.45',
  'user-agent' => 'Mozilla/5.0 (Windows NT 10.0; Win64; x64) AppleWebKit/537.36 (KHTML, like Gecko) Chrome/60.0.3112.113 Safari/537.36',
  'accept' => '*/*',
  'accept-encoding' => 'gzip',
)
[ info ] [ PARAM ] array (
)
[ info ] [ RUN ] app\index\controller\Index->index[ /www/wwwroot/101.37.13.45/application/index/controller/Index.php ]
[ info ] [ LOG ] INIT File
---------------------------------------------------------------
[ 2021-01-06T18:17:22+08:00 ] 154.221.16.250 HEAD 101.37.13.45/kj/config.js
[运行时间：0.016490s] [吞吐率：60.64req/s] [内存消耗：1,830.62kb] [文件加载：35]
[ info ] [ LANG ] /www/wwwroot/101.37.13.45/thinkphp/lang/zh-cn.php
[ info ] [ ROUTE ] array (
  'type' => 'module',
  'module' => 
  array (
    0 => 'kj',
    1 => 'config.js',
    2 => NULL,
  ),
)
[ info ] [ HEADER ] array (
  'authorization' => '',
  'host' => '101.37.13.45',
  'connection' => 'Keep-Alive',
)
[ info ] [ PARAM ] array (
)
[ info ] [ LOG ] INIT File
---------------------------------------------------------------
[ 2021-01-06T18:17:22+08:00 ] 154.221.16.250 HEAD 101.37.13.45/cj/config.js
[运行时间：0.016267s] [吞吐率：61.47req/s] [内存消耗：1,830.62kb] [文件加载：35]
[ info ] [ LANG ] /www/wwwroot/101.37.13.45/thinkphp/lang/zh-cn.php
[ info ] [ ROUTE ] array (
  'type' => 'module',
  'module' => 
  array (
    0 => 'cj',
    1 => 'config.js',
    2 => NULL,
  ),
)
[ info ] [ HEADER ] array (
  'authorization' => '',
  'host' => '101.37.13.45',
  'connection' => 'Keep-Alive',
)
[ info ] [ PARAM ] array (
)
[ info ] [ LOG ] INIT File
---------------------------------------------------------------
[ 2021-01-06T18:17:22+08:00 ] 154.221.16.250 HEAD 101.37.13.45/admin/hot/lang.inc.php
[运行时间：0.020246s] [吞吐率：49.39req/s] [内存消耗：1,839.88kb] [文件加载：36]
[ info ] [ LANG ] /www/wwwroot/101.37.13.45/thinkphp/lang/zh-cn.php
[ info ] [ ROUTE ] array (
  'type' => 'module',
  'module' => 
  array (
    0 => 'admin',
    1 => 'hot',
    2 => 'lang.inc.php',
  ),
)
[ info ] [ HEADER ] array (
  'authorization' => '',
  'host' => '101.37.13.45',
)
[ info ] [ PARAM ] array (
)
[ info ] [ LOG ] INIT File
---------------------------------------------------------------
[ 2021-01-06T18:17:22+08:00 ] 154.221.16.250 HEAD 101.37.13.45/lib/classes/googleChart/markers/GoogleChartMapMarker.php?google=phpinfo();
[运行时间：0.020749s] [吞吐率：48.20req/s] [内存消耗：1,831.59kb] [文件加载：35]
[ info ] [ LANG ] /www/wwwroot/101.37.13.45/thinkphp/lang/zh-cn.php
[ info ] [ ROUTE ] array (
  'type' => 'module',
  'module' => 
  array (
    0 => 'lib',
    1 => 'classes',
    2 => 'googleChart',
  ),
)
[ info ] [ HEADER ] array (
  'authorization' => '',
  'host' => '101.37.13.45',
)
[ info ] [ PARAM ] array (
  'google' => 'phpinfo();',
  'markers' => 'GoogleChartMapMarker.php',
)
[ info ] [ LOG ] INIT File
---------------------------------------------------------------
[ 2021-01-06T18:17:22+08:00 ] 154.221.16.250 HEAD 101.37.13.45/img/footico.png
[运行时间：0.039607s] [吞吐率：25.25req/s] [内存消耗：1,830.53kb] [文件加载：35]
[ info ] [ LANG ] /www/wwwroot/101.37.13.45/thinkphp/lang/zh-cn.php
[ info ] [ ROUTE ] array (
  'type' => 'module',
  'module' => 
  array (
    0 => 'img',
    1 => 'footico.png',
    2 => NULL,
  ),
)
[ info ] [ HEADER ] array (
  'authorization' => '',
  'host' => '101.37.13.45',
)
[ info ] [ PARAM ] array (
)
[ info ] [ LOG ] INIT File
---------------------------------------------------------------
[ 2021-01-06T18:17:22+08:00 ] 154.221.16.250 HEAD 101.37.13.45/lib/classes/googleChart/markers/GoogleChartMapMarker.php?google88990=phpinfo();
[运行时间：0.083214s] [吞吐率：12.02req/s] [内存消耗：1,831.45kb] [文件加载：35]
[ info ] [ LANG ] /www/wwwroot/101.37.13.45/thinkphp/lang/zh-cn.php
[ info ] [ ROUTE ] array (
  'type' => 'module',
  'module' => 
  array (
    0 => 'lib',
    1 => 'classes',
    2 => 'googleChart',
  ),
)
[ info ] [ HEADER ] array (
  'authorization' => '',
  'host' => '101.37.13.45',
)
[ info ] [ PARAM ] array (
  'google88990' => 'phpinfo();',
  'markers' => 'GoogleChartMapMarker.php',
)
[ info ] [ LOG ] INIT File
---------------------------------------------------------------
[ 2021-01-06T18:17:22+08:00 ] 154.221.16.250 HEAD 101.37.13.45/images/slide/zc/m1.jpg
[运行时间：0.108827s] [吞吐率：9.19req/s] [内存消耗：1,830.75kb] [文件加载：35]
[ info ] [ LANG ] /www/wwwroot/101.37.13.45/thinkphp/lang/zh-cn.php
[ info ] [ ROUTE ] array (
  'type' => 'module',
  'module' => 
  array (
    0 => 'images',
    1 => 'slide',
    2 => 'zc',
  ),
)
[ info ] [ HEADER ] array (
  'authorization' => '',
  'host' => '101.37.13.45',
)
[ info ] [ PARAM ] array (
)
[ info ] [ LOG ] INIT File
---------------------------------------------------------------
[ 2021-01-06T18:17:22+08:00 ] 154.221.16.250 HEAD 101.37.13.45/IMG/LB/lun3.png
[运行时间：0.053926s] [吞吐率：18.54req/s] [内存消耗：1,830.53kb] [文件加载：35]
[ info ] [ LANG ] /www/wwwroot/101.37.13.45/thinkphp/lang/zh-cn.php
[ info ] [ ROUTE ] array (
  'type' => 'module',
  'module' => 
  array (
    0 => 'IMG',
    1 => 'LB',
    2 => 'lun3.png',
  ),
)
[ info ] [ HEADER ] array (
  'authorization' => '',
  'host' => '101.37.13.45',
)
[ info ] [ PARAM ] array (
)
[ info ] [ LOG ] INIT File
---------------------------------------------------------------
[ 2021-01-06T18:17:22+08:00 ] 154.221.16.250 HEAD 101.37.13.45/cesu/js/jquery-1.11.1.min.php
[运行时间：0.125587s] [吞吐率：7.96req/s] [内存消耗：1,830.56kb] [文件加载：35]
[ info ] [ LANG ] /www/wwwroot/101.37.13.45/thinkphp/lang/zh-cn.php
[ info ] [ ROUTE ] array (
  'type' => 'module',
  'module' => 
  array (
    0 => 'cesu',
    1 => 'js',
    2 => 'jquery-1.11.1.min.php',
  ),
)
[ info ] [ HEADER ] array (
  'authorization' => '',
  'host' => '101.37.13.45',
)
[ info ] [ PARAM ] array (
)
[ info ] [ LOG ] INIT File
---------------------------------------------------------------
[ 2021-01-06T18:17:22+08:00 ] 154.221.16.250 HEAD 101.37.13.45/newTemplate/home/images/slider_ctrl.png
[运行时间：0.040743s] [吞吐率：24.54req/s] [内存消耗：1,830.61kb] [文件加载：35]
[ info ] [ LANG ] /www/wwwroot/101.37.13.45/thinkphp/lang/zh-cn.php
[ info ] [ ROUTE ] array (
  'type' => 'module',
  'module' => 
  array (
    0 => 'newTemplate',
    1 => 'home',
    2 => 'images',
  ),
)
[ info ] [ HEADER ] array (
  'authorization' => '',
  'host' => '101.37.13.45',
)
[ info ] [ PARAM ] array (
)
[ info ] [ LOG ] INIT File
---------------------------------------------------------------
[ 2021-01-06T18:27:57+08:00 ] 177.36.13.82 GET 101.37.13.45:80/
[运行时间：0.015799s] [吞吐率：63.29req/s] [内存消耗：1,758.87kb] [文件加载：33]
[ info ] [ LANG ] /www/wwwroot/101.37.13.45/thinkphp/lang/zh-cn.php
[ info ] [ ROUTE ] array (
  'type' => 'module',
  'module' => 
  array (
    0 => '',
    1 => NULL,
    2 => NULL,
  ),
)
[ info ] [ HEADER ] array (
  'authorization' => '',
  'host' => '101.37.13.45:80',
  'user-agent' => 'Mozilla/5.0 (Windows NT 10.0; WOW64) AppleWebKit/537.36 (KHTML, like Gecko) Chrome/51.0.2704.103 Safari/537.36',
  'content-length' => '0',
)
[ info ] [ PARAM ] array (
)
[ info ] [ RUN ] app\index\controller\Index->index[ /www/wwwroot/101.37.13.45/application/index/controller/Index.php ]
[ info ] [ LOG ] INIT File
---------------------------------------------------------------
[ 2021-01-06T18:31:20+08:00 ] 207.154.218.180 GET 101.37.13.45:80/
[运行时间：0.015107s] [吞吐率：66.19req/s] [内存消耗：1,759.91kb] [文件加载：33]
[ info ] [ LANG ] /www/wwwroot/101.37.13.45/thinkphp/lang/zh-cn.php
[ info ] [ ROUTE ] array (
  'type' => 'module',
  'module' => 
  array (
    0 => '',
    1 => NULL,
    2 => NULL,
  ),
)
[ info ] [ HEADER ] array (
  'authorization' => '',
  'host' => '101.37.13.45:80',
  'user-agent' => 'Mozilla/5.0 (X11; Ubuntu; Linux x86_64; rv:77.0) Gecko/20100101 Firefox/77.0',
  'accept' => 'text/html,application/xhtml+xml,application/xml;q=0.9,image/webp,*/*;q=0.8',
  'accept-language' => 'en-GB,en;q=0.5',
  'accept-encoding' => 'gzip, deflate',
  'connection' => 'close',
  'referer' => 'http://101.37.13.45:80/left.html',
  'upgrade-insecure-requests' => '1',
)
[ info ] [ PARAM ] array (
)
[ info ] [ RUN ] app\index\controller\Index->index[ /www/wwwroot/101.37.13.45/application/index/controller/Index.php ]
[ info ] [ LOG ] INIT File
---------------------------------------------------------------
[ 2021-01-06T18:42:17+08:00 ] 159.203.111.170 POST 101.37.13.45:80/boaform/admin/formLogin
[运行时间：0.017281s] [吞吐率：57.87req/s] [内存消耗：1,834.16kb] [文件加载：35]
[ info ] [ LANG ] /www/wwwroot/101.37.13.45/thinkphp/lang/zh-cn.php
[ info ] [ ROUTE ] array (
  'type' => 'module',
  'module' => 
  array (
    0 => 'boaform',
    1 => 'admin',
    2 => 'formLogin',
  ),
)
[ info ] [ HEADER ] array (
  'authorization' => '',
  'host' => '101.37.13.45:80',
  'user-agent' => 'Mozilla/5.0 (X11; Ubuntu; Linux x86_64; rv:71.0) Gecko/20100101 Firefox/71.0',
  'accept' => 'text/html,application/xhtml+xml,application/xml;q=0.9,*/*;q=0.8',
  'accept-language' => 'en-GB,en;q=0.5',
  'accept-encoding' => 'gzip, deflate',
  'origin' => 'http://101.37.13.45:80',
  'connection' => 'keep-alive',
  'referer' => 'http://101.37.13.45:80/admin/login.asp',
  'upgrade-insecure-requests' => '1',
  'content-type' => 'application/x-www-form-urlencoded',
  'content-length' => '29',
)
[ info ] [ PARAM ] array (
  'username' => 'admin',
  'psd' => 'Feefifofum',
)
[ info ] [ LOG ] INIT File
---------------------------------------------------------------
[ 2021-01-06T18:45:51+08:00 ] 209.141.60.195 GET 101.37.13.45:80/config/getuser?index=0
[运行时间：0.016616s] [吞吐率：60.18req/s] [内存消耗：1,833.66kb] [文件加载：35]
[ info ] [ LANG ] /www/wwwroot/101.37.13.45/thinkphp/lang/zh-cn.php
[ info ] [ ROUTE ] array (
  'type' => 'module',
  'module' => 
  array (
    0 => 'config',
    1 => 'getuser',
    2 => NULL,
  ),
)
[ info ] [ HEADER ] array (
  'authorization' => '',
  'host' => '101.37.13.45:80',
  'user-agent' => 'Mozilla/5.0 (X11; Ubuntu; Linux x86_64; rv:76.0) Gecko/20100101 Firefox/76.0',
  'accept' => 'text/html,application/xhtml+xml,application/xml;q=0.9,image/webp,*/*;q=0.8',
  'accept-language' => 'en-GB,en;q=0.5',
  'accept-encoding' => 'gzip, deflate',
  'connection' => 'close',
  'upgrade-insecure-requests' => '1',
)
[ info ] [ PARAM ] array (
  'index' => '0',
)
[ info ] [ LOG ] INIT File
---------------------------------------------------------------
[ 2021-01-06T18:49:07+08:00 ] 35.187.190.226 GET 101.37.13.45/
[运行时间：0.015980s] [吞吐率：62.58req/s] [内存消耗：1,759.70kb] [文件加载：33]
[ info ] [ LANG ] /www/wwwroot/101.37.13.45/thinkphp/lang/zh-cn.php
[ info ] [ ROUTE ] array (
  'type' => 'module',
  'module' => 
  array (
    0 => '',
    1 => NULL,
    2 => NULL,
  ),
)
[ info ] [ HEADER ] array (
  'authorization' => '',
  'host' => '101.37.13.45',
  'user-agent' => 'python-requests/2.25.1',
  'accept-encoding' => 'gzip, deflate',
  'accept' => '*/*',
  'connection' => 'keep-alive',
  'x-datadog-trace-id' => '466234610488890439',
  'x-datadog-parent-id' => '14352132340127685562',
  'x-datadog-sampling-priority' => '0',
)
[ info ] [ PARAM ] array (
)
[ info ] [ RUN ] app\index\controller\Index->index[ /www/wwwroot/101.37.13.45/application/index/controller/Index.php ]
[ info ] [ LOG ] INIT File
---------------------------------------------------------------
[ 2021-01-06T21:58:21+08:00 ] 59.52.37.175 GET 101.37.13.45/
[运行时间：0.014619s] [吞吐率：68.40req/s] [内存消耗：1,758.60kb] [文件加载：33]
[ info ] [ LANG ] /www/wwwroot/101.37.13.45/thinkphp/lang/zh-cn.php
[ info ] [ ROUTE ] array (
  'type' => 'module',
  'module' => 
  array (
    0 => '',
    1 => NULL,
    2 => NULL,
  ),
)
[ info ] [ HEADER ] array (
  'authorization' => '',
  'host' => '101.37.13.45',
  'connection' => 'Keep-Alive',
  'user-agent' => 'Apache-HttpClient/4.5.6 (Java/1.8.0_112)',
  'accept-encoding' => 'gzip,deflate',
)
[ info ] [ PARAM ] array (
)
[ info ] [ RUN ] app\index\controller\Index->index[ /www/wwwroot/101.37.13.45/application/index/controller/Index.php ]
[ info ] [ LOG ] INIT File
---------------------------------------------------------------
[ 2021-01-06T21:58:21+08:00 ] 59.52.179.236 GET 101.37.13.45/
[运行时间：0.015066s] [吞吐率：66.38req/s] [内存消耗：1,760.12kb] [文件加载：33]
[ info ] [ LANG ] /www/wwwroot/101.37.13.45/thinkphp/lang/zh-cn.php
[ info ] [ ROUTE ] array (
  'type' => 'module',
  'module' => 
  array (
    0 => '',
    1 => NULL,
    2 => NULL,
  ),
)
[ info ] [ HEADER ] array (
  'authorization' => '',
  'host' => '101.37.13.45',
  'connection' => 'keep-alive',
  'upgrade-insecure-requests' => '1',
  'user-agent' => 'Mozilla/5.0 (X11; Linux x86_64) AppleWebKit/537.36 (KHTML, like Gecko) HeadlessChrome/87.0.4280.88 Safari/537.36',
  'accept' => 'text/html,application/xhtml+xml,application/xml;q=0.9,image/avif,image/webp,image/apng,*/*;q=0.8,application/signed-exchange;v=b3;q=0.9',
  'accept-encoding' => 'gzip, deflate',
  'accept-language' => 'en-US',
)
[ info ] [ PARAM ] array (
)
[ info ] [ RUN ] app\index\controller\Index->index[ /www/wwwroot/101.37.13.45/application/index/controller/Index.php ]
[ info ] [ LOG ] INIT File
---------------------------------------------------------------
[ 2021-01-06T22:30:26+08:00 ] 125.165.186.43 GET 101.37.13.45/.env
[运行时间：0.017278s] [吞吐率：57.88req/s] [内存消耗：1,832.51kb] [文件加载：35]
[ info ] [ LANG ] /www/wwwroot/101.37.13.45/thinkphp/lang/zh-cn.php
[ info ] [ ROUTE ] array (
  'type' => 'module',
  'module' => 
  array (
    0 => '.env',
    1 => NULL,
    2 => NULL,
  ),
)
[ info ] [ HEADER ] array (
  'authorization' => '',
  'host' => '101.37.13.45',
  'user-agent' => 'Mozilla/5.0 (X11; Linux x86_64) AppleWebKit/537.36 (KHTML, like Gecko) Chrome/81.0.4044.129 Safari/537.36',
  'accept-encoding' => 'gzip, deflate',
  'accept' => '*/*',
  'connection' => 'keep-alive',
)
[ info ] [ PARAM ] array (
)
[ info ] [ LOG ] INIT File
---------------------------------------------------------------
[ 2021-01-06T22:30:30+08:00 ] 125.165.186.43 POST 101.37.13.45/
[运行时间：0.017182s] [吞吐率：58.20req/s] [内存消耗：1,758.98kb] [文件加载：33]
[ info ] [ LANG ] /www/wwwroot/101.37.13.45/thinkphp/lang/zh-cn.php
[ info ] [ ROUTE ] array (
  'type' => 'module',
  'module' => 
  array (
    0 => '',
    1 => NULL,
    2 => NULL,
  ),
)
[ info ] [ HEADER ] array (
  'authorization' => '',
  'host' => '101.37.13.45',
  'user-agent' => 'Mozilla/5.0 (X11; Linux x86_64) AppleWebKit/537.36 (KHTML, like Gecko) Chrome/81.0.4044.129 Safari/537.36',
  'accept-encoding' => 'gzip, deflate',
  'accept' => '*/*',
  'connection' => 'keep-alive',
  'content-type' => 'application/x-www-form-urlencoded',
  'content-length' => '20',
)
[ info ] [ PARAM ] array (
  '0x' => 
  array (
    0 => 'androxgh0st',
  ),
)
[ info ] [ RUN ] app\index\controller\Index->index[ /www/wwwroot/101.37.13.45/application/index/controller/Index.php ]
[ info ] [ LOG ] INIT File
---------------------------------------------------------------
[ 2021-01-06T23:03:38+08:00 ] 217.116.53.54 GET 101.37.13.45:80/
[运行时间：0.016161s] [吞吐率：61.88req/s] [内存消耗：1,758.86kb] [文件加载：33]
[ info ] [ LANG ] /www/wwwroot/101.37.13.45/thinkphp/lang/zh-cn.php
[ info ] [ ROUTE ] array (
  'type' => 'module',
  'module' => 
  array (
    0 => '',
    1 => NULL,
    2 => NULL,
  ),
)
[ info ] [ HEADER ] array (
  'authorization' => '',
  'host' => '101.37.13.45:80',
  'user-agent' => 'Mozilla/5.0 (Macintosh; Intel Mac OS X 10_11_6) AppleWebKit/601.7.7 (KHTML, like Gecko) Version/9.1.2 Safari/601.7.7',
  'content-length' => '0',
)
[ info ] [ PARAM ] array (
)
[ info ] [ RUN ] app\index\controller\Index->index[ /www/wwwroot/101.37.13.45/application/index/controller/Index.php ]
[ info ] [ LOG ] INIT File
